2014/05/16 15:05:21 [5645] building file list
2014/05/16 15:05:21 [5645] cd..t...... backup/incoming_backup/2013/
2014/05/16 15:06:34 [5645] >f+++++++++ backup/incoming_backup/2013/2013-11-20_final_0400_2008-2011.7z
2014/05/16 15:07:50 [5645] >f+++++++++ backup/incoming_backup/2013/2013-12-01_after_level_0200.7z
2014/05/16 15:07:50 [5645] >f+++++++++ backup/incoming_backup/2013/backup_20130313_HEG_HEW.zip
2014/05/16 15:08:06 [5645] >f+++++++++ backup/incoming_backup/2013/backup_20130620.7z
2014/05/16 15:08:07 [5645] >f+++++++++ backup/incoming_backup/2013/backup_20130621.7z
2014/05/16 15:08:07 [5645] >f+++++++++ backup/incoming_backup/2013/backup_20130801.7z
2014/05/16 15:08:09 [5645] >f+++++++++ backup/incoming_backup/2013/backup_20131120.7z
2014/05/16 15:08:10 [5645] >f+++++++++ backup/incoming_backup/2013/backup_20131127.7z
2014/05/16 15:08:12 [5645] >f+++++++++ backup/incoming_backup/2013/backup_20131128.7z
2014/05/16 15:08:12 [5645] >f+++++++++ backup/incoming_backup/2013/backup_20140407_AEG.zip
2014/05/16 15:08:12 [5645] >f+++++++++ backup/incoming_backup/2013/backup_20140407_AEW.zip
2014/05/16 15:08:12 [5645] >f+++++++++ backup/incoming_backup/2013/backup_20140407_HEG.zip
2014/05/16 15:08:13 [5645] >f+++++++++ backup/incoming_backup/2013/backup_20140407_HEW.zip
2014/05/16 15:08:14 [5645] >f+++++++++ backup/incoming_backup/2013/backup_20140407_SEG.zip
2014/05/16 15:08:15 [5645] >f+++++++++ backup/incoming_backup/2013/backup_20140407_SEW.zip
2014/05/16 15:08:15 [5645] >f+++++++++ backup/incoming_backup/2013/backup_20140508_AEG.7z
2014/05/16 15:08:15 [5645] >f+++++++++ backup/incoming_backup/2013/backup_20140508_AEW.7z
2014/05/16 15:08:15 [5645] >f+++++++++ backup/incoming_backup/2013/backup_20140508_SEG.7z
2014/05/16 15:08:15 [5645] >f+++++++++ backup/incoming_backup/2013/backup_20140508_SEW.7z
2014/05/16 15:08:15 [5645] >f+++++++++ backup/incoming_backup/2014/AEW37_08-11-2013_183000_18-04-2014_180000.csv
2014/05/16 15:08:15 [5645] >f+++++++++ backup/incoming_backup/2014/backup_20140217_AEG.7z
2014/05/16 15:08:15 [5645] >f+++++++++ backup/incoming_backup/2014/backup_20140217_AEW.7z
2014/05/16 15:08:15 [5645] >f+++++++++ backup/incoming_backup/2014/backup_20140217_HEG.7z
2014/05/16 15:08:15 [5645] >f+++++++++ backup/incoming_backup/2014/backup_20140217_HEW.7z
2014/05/16 15:08:15 [5645] >f+++++++++ backup/incoming_backup/2014/backup_20140217_SEG.7z
2014/05/16 15:08:15 [5645] >f+++++++++ backup/incoming_backup/2014/backup_20140217_SEW.7z
2014/05/16 15:08:16 [5645] >f+++++++++ backup/incoming_backup/2014/backup_20140304_All.7z
2014/05/16 15:08:16 [5645] >f+++++++++ backup/incoming_backup/2014/backup_20140401_AEG.7z
2014/05/16 15:08:16 [5645] >f+++++++++ backup/incoming_backup/2014/backup_20140401_AEW.7z
2014/05/16 15:08:16 [5645] >f+++++++++ backup/incoming_backup/2014/backup_20140401_HEG.7z
2014/05/16 15:08:16 [5645] >f+++++++++ backup/incoming_backup/2014/backup_20140401_HEW.7z
2014/05/16 15:08:17 [5645] >f+++++++++ backup/incoming_backup/2014/backup_20140401_SEG.7z
2014/05/16 15:08:17 [5645] >f+++++++++ backup/incoming_backup/2014/backup_20140401_SEW.7z
2014/05/16 15:08:17 [5645] >f+++++++++ backup/incoming_backup/2014/backup_20140505_AEG.7z
2014/05/16 15:08:17 [5645] >f+++++++++ backup/incoming_backup/2014/backup_20140505_AEW.7z
2014/05/16 15:08:17 [5645] >f+++++++++ backup/incoming_backup/2014/backup_20140505_HEG.7z
2014/05/16 15:08:17 [5645] >f+++++++++ backup/incoming_backup/2014/backup_20140505_HEW.7z
2014/05/16 15:08:18 [5645] >f+++++++++ backup/incoming_backup/2014/backup_20140505_SEG.7z
2014/05/16 15:08:18 [5645] cd..t...... backup/incoming_backup/incoming_original_data_from_falk/
2014/05/16 15:08:18 [5645] >f+++++++++ backup/incoming_backup/incoming_original_data_from_falk/new_Conv_20120125/AEG.txt
2014/05/16 15:08:18 [5645] >f+++++++++ backup/incoming_backup/incoming_original_data_from_falk/new_Conv_20120125/AEW.txt
2014/05/16 15:08:18 [5645] >f+++++++++ backup/incoming_backup/incoming_original_data_from_falk/new_Conv_20120125/HEG.txt
2014/05/16 15:08:18 [5645] >f+++++++++ backup/incoming_backup/incoming_original_data_from_falk/new_Conv_20120125/HEW.txt
2014/05/16 15:08:18 [5645] >f+++++++++ backup/incoming_backup/incoming_original_data_from_falk/new_Conv_20120125/Header_SM_Convention_ALB_111123.txt
2014/05/16 15:08:18 [5645] >f+++++++++ backup/incoming_backup/incoming_original_data_from_falk/new_Conv_20120125/Header_SM_Convention_HEG6_111219.txt
2014/05/16 15:08:18 [5645] >f+++++++++ backup/incoming_backup/incoming_original_data_from_falk/new_Conv_20120125/Header_SM_Convention_HEG_111219.txt
2014/05/16 15:08:18 [5645] >f+++++++++ backup/incoming_backup/incoming_original_data_from_falk/new_Conv_20120125/Header_SM_Convention_HEW_111224.txt
2014/05/16 15:08:18 [5645] >f+++++++++ backup/incoming_backup/incoming_original_data_from_falk/new_Conv_20120125/Header_SM_Convention_SEG39+46_111219.txt
2014/05/16 15:08:18 [5645] >f+++++++++ backup/incoming_backup/incoming_original_data_from_falk/new_Conv_20120125/Header_SM_Convention_SEG_111219.txt
2014/05/16 15:08:18 [5645] >f+++++++++ backup/incoming_backup/incoming_original_data_from_falk/new_Conv_20120125/Header_SM_Convention_SEW_111219.txt
2014/05/16 15:08:18 [5645] >f+++++++++ backup/incoming_backup/incoming_original_data_from_falk/new_Conv_20120125/Header_new_Convention_111123.txt
2014/05/16 15:08:18 [5645] >f+++++++++ backup/incoming_backup/incoming_original_data_from_falk/new_Conv_20120125/Level5_Header_Convention_111124.txt
2014/05/16 15:08:18 [5645] >f+++++++++ backup/incoming_backup/incoming_original_data_from_falk/new_Conv_20120125/SEG.txt
2014/05/16 15:08:18 [5645] >f+++++++++ backup/incoming_backup/incoming_original_data_from_falk/new_Conv_20120125/SEW.txt
2014/05/16 15:08:18 [5645] >f+++++++++ backup/incoming_backup/incoming_original_data_from_falk/new_Conv_20120125/Tower.txt
2014/05/16 15:08:18 [5645] >f+++++++++ backup/incoming_backup/incoming_original_data_from_falk/new_Conv_20120202/AEG.txt
2014/05/16 15:08:18 [5645] >f+++++++++ backup/incoming_backup/incoming_original_data_from_falk/new_Conv_20120202/AEW.txt
2014/05/16 15:08:18 [5645] >f+++++++++ backup/incoming_backup/incoming_original_data_from_falk/new_Conv_20120202/HEG.txt
2014/05/16 15:08:18 [5645] >f+++++++++ backup/incoming_backup/incoming_original_data_from_falk/new_Conv_20120202/HEW.txt
2014/05/16 15:08:18 [5645] >f+++++++++ backup/incoming_backup/incoming_original_data_from_falk/new_Conv_20120202/Header_SM_Convention_ALB_111123.txt
2014/05/16 15:08:18 [5645] >f+++++++++ backup/incoming_backup/incoming_original_data_from_falk/new_Conv_20120202/Header_SM_Convention_HEG6_111219.txt
2014/05/16 15:08:18 [5645] >f+++++++++ backup/incoming_backup/incoming_original_data_from_falk/new_Conv_20120202/Header_SM_Convention_HEG_111219.txt
2014/05/16 15:08:18 [5645] >f+++++++++ backup/incoming_backup/incoming_original_data_from_falk/new_Conv_20120202/Header_SM_Convention_HEW_111224.txt
2014/05/16 15:08:18 [5645] >f+++++++++ backup/incoming_backup/incoming_original_data_from_falk/new_Conv_20120202/Header_SM_Convention_SEG39+46_111219.txt
2014/05/16 15:08:18 [5645] >f+++++++++ backup/incoming_backup/incoming_original_data_from_falk/new_Conv_20120202/Header_SM_Convention_SEG_111219.txt
2014/05/16 15:08:18 [5645] >f+++++++++ backup/incoming_backup/incoming_original_data_from_falk/new_Conv_20120202/Header_SM_Convention_SEW_111219.txt
2014/05/16 15:08:18 [5645] >f+++++++++ backup/incoming_backup/incoming_original_data_from_falk/new_Conv_20120202/Header_new_Convention_111123.txt
2014/05/16 15:08:18 [5645] >f+++++++++ backup/incoming_backup/incoming_original_data_from_falk/new_Conv_20120202/Level5_Header_Convention_111124.txt
2014/05/16 15:08:18 [5645] >f+++++++++ backup/incoming_backup/incoming_original_data_from_falk/new_Conv_20120202/SEG.txt
2014/05/16 15:08:18 [5645] >f+++++++++ backup/incoming_backup/incoming_original_data_from_falk/new_Conv_20120202/SEW.txt
2014/05/16 15:08:18 [5645] >f+++++++++ backup/incoming_backup/incoming_original_data_from_falk/new_Conv_20120202/Tower.txt
2014/05/16 15:08:41 [5645] >f+++++++++ backup/incoming_backup/incoming_original_data_from_falk/test_export_bexis_20120125/ClimateData_111025.txt
2014/05/16 15:08:42 [5645] >f+++++++++ backup/incoming_backup/incoming_original_data_from_falk/test_export_bexis_20120125/ClimateData_111025_sorted_ALB.txt
2014/05/16 15:08:54 [5645] >f+++++++++ backup/incoming_backup/incoming_original_data_from_falk/test_export_bexis_20120125/ClimateData_111025_sorted_HAI.txt
2014/05/16 15:09:04 [5645] >f+++++++++ backup/incoming_backup/incoming_original_data_from_falk/test_export_bexis_20120125/ClimateData_111025_sorted_SCH.txt
2014/05/16 15:09:08 [5645] >f+++++++++ backup/incoming_backup/incoming_original_data_from_falk/test_export_bexis_20120125/climate-ALB_111116.txt
2014/05/16 15:09:39 [5645] >f+++++++++ backup/incoming_backup/incoming_original_data_from_falk/test_export_bexis_20120125/climate-HAI_111116.txt
2014/05/16 15:10:02 [5645] >f+++++++++ backup/incoming_backup/incoming_original_data_from_falk/test_export_bexis_20120125/climate-SCH_111116.txt
2014/05/16 15:10:25 [5645] >f+++++++++ backup/incoming_backup/incoming_original_data_from_falk/test_export_bexis_20120202/ClimateData_111025.txt
2014/05/16 15:10:27 [5645] >f+++++++++ backup/incoming_backup/incoming_original_data_from_falk/test_export_bexis_20120202/ClimateData_111025_sorted_ALB.txt
2014/05/16 15:10:39 [5645] >f+++++++++ backup/incoming_backup/incoming_original_data_from_falk/test_export_bexis_20120202/ClimateData_111025_sorted_HAI.txt
2014/05/16 15:10:48 [5645] >f+++++++++ backup/incoming_backup/incoming_original_data_from_falk/test_export_bexis_20120202/ClimateData_111025_sorted_SCH.txt
2014/05/16 15:10:53 [5645] >f+++++++++ backup/incoming_backup/incoming_original_data_from_falk/test_export_bexis_20120202/climate-ALB_111116.txt
2014/05/16 15:11:02 [5645] >f+++++++++ backup/incoming_backup/incoming_original_data_from_falk/test_export_bexis_20120202/climate-HAI_111116.txt
2014/05/16 15:11:06 [5645] >f+++++++++ backup/incoming_backup/incoming_original_data_from_falk/test_export_bexis_20120202/climate-SCH_111116.txt
2014/05/16 15:11:06 [5645] >f+++++++++ backup/incoming_backup/incoming_original_data_from_falk/tower_20120125/2010 Hainich Meteo fuer BE.xls
2014/05/16 15:11:06 [5645] >f+++++++++ backup/incoming_backup/incoming_original_data_from_falk/tower_20120125/2010 Hainich Meteo fuer BE_wd_corrected.xls
2014/05/16 15:11:06 [5645] >f+++++++++ backup/incoming_backup/incoming_original_data_from_falk/tower_20120125/2010 Hainich Windrichtung.xlsx
2014/05/16 15:11:07 [5645] >f+++++++++ backup/incoming_backup/incoming_original_data_from_falk/tower_20120125/2010 Leinefelde Meteo.xls
2014/05/16 15:11:07 [5645] >f+++++++++ backup/incoming_backup/incoming_original_data_from_falk/tower_20120125/2011 Hainich Meteodaten Teil I.xlsx
2014/05/16 15:11:07 [5645] >f+++++++++ backup/incoming_backup/incoming_original_data_from_falk/tower_20120125/Hainich_2008.xls
2014/05/16 15:11:07 [5645] >f+++++++++ backup/incoming_backup/incoming_original_data_from_falk/tower_20120125/Hainich_2011_10min.xls
2014/05/16 15:11:07 [5645] >f+++++++++ backup/incoming_backup/incoming_original_data_from_falk/tower_20120125/Leinef_2011_10min.xls
2014/05/16 15:11:07 [5645] >f+++++++++ backup/incoming_backup/incoming_original_data_from_falk/tower_20120125/Leinefelde_2008.xls
2014/05/16 15:11:07 [5645] >f+++++++++ backup/incoming_backup/incoming_original_data_from_falk/tower_20120125/Pluvio_Daten.xls
2014/05/16 15:11:07 [5645] >f+++++++++ backup/incoming_backup/incoming_original_data_from_falk/tower_20120125/Pluvio_Daten_2011.xls
2014/05/16 15:11:07 [5645] >f+++++++++ backup/incoming_backup/incoming_original_data_from_falk/tower_20120202/2010 Hainich Meteo fuer BE.xls
2014/05/16 15:11:07 [5645] >f+++++++++ backup/incoming_backup/incoming_original_data_from_falk/tower_20120202/2010 Hainich Meteo fuer BE_wd_corrected.xls
2014/05/16 15:11:07 [5645] >f+++++++++ backup/incoming_backup/incoming_original_data_from_falk/tower_20120202/2010 Hainich Windrichtung.xlsx
2014/05/16 15:11:07 [5645] >f+++++++++ backup/incoming_backup/incoming_original_data_from_falk/tower_20120202/2010 Leinefelde Meteo.xls
2014/05/16 15:11:07 [5645] >f+++++++++ backup/incoming_backup/incoming_original_data_from_falk/tower_20120202/2011 Hainich Meteodaten Teil I.xlsx
2014/05/16 15:11:07 [5645] >f+++++++++ backup/incoming_backup/incoming_original_data_from_falk/tower_20120202/Hainich_2008.xls
2014/05/16 15:11:07 [5645] >f+++++++++ backup/incoming_backup/incoming_original_data_from_falk/tower_20120202/Hainich_2011_10min.xls
2014/05/16 15:11:08 [5645] >f+++++++++ backup/incoming_backup/incoming_original_data_from_falk/tower_20120202/Leinef_2011_10min.xls
2014/05/16 15:11:08 [5645] >f+++++++++ backup/incoming_backup/incoming_original_data_from_falk/tower_20120202/Leinefelde_2008.xls
2014/05/16 15:11:08 [5645] >f+++++++++ backup/incoming_backup/incoming_original_data_from_falk/tower_20120202/Pluvio_Daten.xls
2014/05/16 15:11:08 [5645] >f+++++++++ backup/incoming_backup/incoming_original_data_from_falk/tower_20120202/Pluvio_Daten_2011.xls
2014/05/16 15:11:08 [5645] cd..t...... backup/incoming_backup/upload_original_data_from_falk/
2014/05/16 15:11:08 [5645] cd..t...... backup/incoming_backup/upload_original_data_from_falk/ALB/
2014/05/16 15:11:08 [5645] >f+++++++++ backup/incoming_backup/upload_original_data_from_falk/ALB/AEG/AEG03_20090423_130000_20110620_160000.csv
2014/05/16 15:11:08 [5645] >f+++++++++ backup/incoming_backup/upload_original_data_from_falk/ALB/AEG/AEG04_20090426_120000_20110628_120000.csv
2014/05/16 15:11:08 [5645] >f+++++++++ backup/incoming_backup/upload_original_data_from_falk/ALB/AEG/AEG05_20090425_160000_20110621_120000.csv
2014/05/16 15:11:08 [5645] >f+++++++++ backup/incoming_backup/upload_original_data_from_falk/ALB/AEG/AEG06_20090425_130000_20110620_120000.csv
2014/05/16 15:11:08 [5645] >f+++++++++ backup/incoming_backup/upload_original_data_from_falk/ALB/AEG/AEG07_20090426_090000_20110605_230000.csv
2014/05/16 15:11:08 [5645] >f+++++++++ backup/incoming_backup/upload_original_data_from_falk/ALB/AEG/AEG08_20090426_110000_20110615_140000.csv
2014/05/16 15:11:08 [5645] >f+++++++++ backup/incoming_backup/upload_original_data_from_falk/ALB/AEG/AEG09_20090426_090000_20110627_080000.csv
2014/05/16 15:11:08 [5645] >f+++++++++ backup/incoming_backup/upload_original_data_from_falk/ALB/AEG/AEG12_20090426_110000_20110518_120000.csv
2014/05/16 15:11:08 [5645] >f+++++++++ backup/incoming_backup/upload_original_data_from_falk/ALB/AEG/AEG13_20090426_110000_20110617_090000.csv
2014/05/16 15:11:08 [5645] >f+++++++++ backup/incoming_backup/upload_original_data_from_falk/ALB/AEG/AEG14_20090426_090000_20110619_020000.csv
2014/05/16 15:11:08 [5645] >f+++++++++ backup/incoming_backup/upload_original_data_from_falk/ALB/AEG/AEG15_20090425_100000_20110622_073000.csv
2014/05/16 15:11:08 [5645] >f+++++++++ backup/incoming_backup/upload_original_data_from_falk/ALB/AEG/AEG16_20090425_140000_20110615_110000.csv
2014/05/16 15:11:08 [5645] >f+++++++++ backup/incoming_backup/upload_original_data_from_falk/ALB/AEG/AEG17_20090423_150000_20110523_103000.csv
2014/05/16 15:11:08 [5645] >f+++++++++ backup/incoming_backup/upload_original_data_from_falk/ALB/AEG/AEG18_20090426_110000_20110621_150000.csv
2014/05/16 15:11:08 [5645] >f+++++++++ backup/incoming_backup/upload_original_data_from_falk/ALB/AEG/AEG19_20090425_150000_20110525_150000.csv
2014/05/16 15:11:08 [5645] >f+++++++++ backup/incoming_backup/upload_original_data_from_falk/ALB/AEG/AEG20_20090424_170000_20110629_083000.csv
2014/05/16 15:11:08 [5645] >f+++++++++ backup/incoming_backup/upload_original_data_from_falk/ALB/AEG/AEG22_20090423_140000_20110522_200000.csv
2014/05/16 15:11:08 [5645] >f+++++++++ backup/incoming_backup/upload_original_data_from_falk/ALB/AEG/AEG23_20090426_160000_20110621_103000.csv
2014/05/16 15:11:08 [5645] >f+++++++++ backup/incoming_backup/upload_original_data_from_falk/ALB/AEG/AEG24_20090423_193000_20110512_130000.csv
2014/05/16 15:11:08 [5645] >f+++++++++ backup/incoming_backup/upload_original_data_from_falk/ALB/AEG/AEG25_20090423_140000_20110526_100000.csv
2014/05/16 15:11:08 [5645] >f+++++++++ backup/incoming_backup/upload_original_data_from_falk/ALB/AEG/AEG27_20090426_120000_20110624_170000.csv
2014/05/16 15:11:08 [5645] >f+++++++++ backup/incoming_backup/upload_original_data_from_falk/ALB/AEG/AEG30_20090425_110000_20110622_100000.csv
2014/05/16 15:11:08 [5645] >f+++++++++ backup/incoming_backup/upload_original_data_from_falk/ALB/AEG/AEG31_20090425_090000_20110622_090000.csv
2014/05/16 15:11:08 [5645] >f+++++++++ backup/incoming_backup/upload_original_data_from_falk/ALB/AEG/AEG32_20090424_110000_20110614_110000.csv
2014/05/16 15:11:08 [5645] >f+++++++++ backup/incoming_backup/upload_original_data_from_falk/ALB/AEG/AEG33_20090424_100000_20110614_143000.csv
2014/05/16 15:11:08 [5645] >f+++++++++ backup/incoming_backup/upload_original_data_from_falk/ALB/AEG/AEG34_20090424_100000_20110614_120000.csv
2014/05/16 15:11:08 [5645] >f+++++++++ backup/incoming_backup/upload_original_data_from_falk/ALB/AEG/AEG36_20090425_140000_20110606_110000.csv
2014/05/16 15:11:08 [5645] >f+++++++++ backup/incoming_backup/upload_original_data_from_falk/ALB/AEG/AEG37_20090425_190000_20110524_150000.csv
2014/05/16 15:11:08 [5645] >f+++++++++ backup/incoming_backup/upload_original_data_from_falk/ALB/AEG/AEG38_20100312_040000_20110531_080000.csv
2014/05/16 15:11:08 [5645] >f+++++++++ backup/incoming_backup/upload_original_data_from_falk/ALB/AEG/AEG39_20090425_190000_20110628_080000.csv
2014/05/16 15:11:08 [5645] >f+++++++++ backup/incoming_backup/upload_original_data_from_falk/ALB/AEG/AEG40_20090423_120000_20110531_150000.csv
2014/05/16 15:11:08 [5645] >f+++++++++ backup/incoming_backup/upload_original_data_from_falk/ALB/AEG/AEG41_20090424_180000_20110524_100000.csv
2014/05/16 15:11:08 [5645] >f+++++++++ backup/incoming_backup/upload_original_data_from_falk/ALB/AEG/AEG43_20090423_120000_20110620_090000.csv
2014/05/16 15:11:08 [5645] >f+++++++++ backup/incoming_backup/upload_original_data_from_falk/ALB/AEG/AEG44_20090424_180000_20110628_100000.csv
2014/05/16 15:11:08 [5645] >f+++++++++ backup/incoming_backup/upload_original_data_from_falk/ALB/AEG/AEG45_20090425_140000_20110518_110000.csv
2014/05/16 15:11:08 [5645] >f+++++++++ backup/incoming_backup/upload_original_data_from_falk/ALB/AEG/AEG46_20090425_150000_20110620_150000.csv
2014/05/16 15:11:08 [5645] >f+++++++++ backup/incoming_backup/upload_original_data_from_falk/ALB/AEG/AEG47_20090424_090000_20110627_150000.csv
2014/05/16 15:11:08 [5645] >f+++++++++ backup/incoming_backup/upload_original_data_from_falk/ALB/AEG/AEG48_20090426_150000_20110615_150000.csv
2014/05/16 15:11:09 [5645] >f+++++++++ backup/incoming_backup/upload_original_data_from_falk/ALB/AEG/AEG49_20090424_100000_20110609_120000.csv
2014/05/16 15:11:09 [5645] >f+++++++++ backup/incoming_backup/upload_original_data_from_falk/ALB/AEG/AEG50_20090425_120000_20110627_100000.csv
2014/05/16 15:11:09 [5645] >f+++++++++ backup/incoming_backup/upload_original_data_from_falk/ALB/AEW/AEW01_20090424_150000_20110510_113000.csv
2014/05/16 15:11:09 [5645] >f+++++++++ backup/incoming_backup/upload_original_data_from_falk/ALB/AEW/AEW02_20090426_120000_20110510_100000.csv
2014/05/16 15:11:09 [5645] >f+++++++++ backup/incoming_backup/upload_original_data_from_falk/ALB/AEW/AEW03_20090425_190000_20110531_133000.csv
2014/05/16 15:11:09 [5645] >f+++++++++ backup/incoming_backup/upload_original_data_from_falk/ALB/AEW/AEW04_20090423_150000_20110526_083000.csv
2014/05/16 15:11:09 [5645] >f+++++++++ backup/incoming_backup/upload_original_data_from_falk/ALB/AEW/AEW05_20090424_110000_20110523_140000.csv
2014/05/16 15:11:09 [5645] >f+++++++++ backup/incoming_backup/upload_original_data_from_falk/ALB/AEW/AEW06_20090426_160000_20110615_130000.csv
2014/05/16 15:11:09 [5645] >f+++++++++ backup/incoming_backup/upload_original_data_from_falk/ALB/AEW/AEW07_20090423_140000_20110526_110000.csv
2014/05/16 15:11:09 [5645] >f+++++++++ backup/incoming_backup/upload_original_data_from_falk/ALB/AEW/AEW08_20090426_100000_20110524_123000.csv
2014/05/16 15:11:09 [5645] >f+++++++++ backup/incoming_backup/upload_original_data_from_falk/ALB/AEW/AEW09_20090424_180000_20110524_0900000.csv
2014/05/16 15:11:09 [5645] >f+++++++++ backup/incoming_backup/upload_original_data_from_falk/ALB/AEW/AEW10_20090424_160000_20110530_140000.csv
2014/05/16 15:11:09 [5645] >f+++++++++ backup/incoming_backup/upload_original_data_from_falk/ALB/AEW/AEW11_20090424_180000_20110527_100000.csv
2014/05/16 15:11:09 [5645] >f+++++++++ backup/incoming_backup/upload_original_data_from_falk/ALB/AEW/AEW12_20090425_160000_20110518_130000.csv
2014/05/16 15:11:09 [5645] >f+++++++++ backup/incoming_backup/upload_original_data_from_falk/ALB/AEW/AEW13_20090424_150000_20110530_150000.csv
2014/05/16 15:11:09 [5645] >f+++++++++ backup/incoming_backup/upload_original_data_from_falk/ALB/AEW/AEW14_20090425_180000_20110608_110000.csv
2014/05/16 15:11:09 [5645] >f+++++++++ backup/incoming_backup/upload_original_data_from_falk/ALB/AEW/AEW15_20090424_140000_20110607_150000.csv
2014/05/16 15:11:09 [5645] >f+++++++++ backup/incoming_backup/upload_original_data_from_falk/ALB/AEW/AEW16_20090426_130000_20110527_130000.csv
2014/05/16 15:11:09 [5645] >f+++++++++ backup/incoming_backup/upload_original_data_from_falk/ALB/AEW/AEW17_20090423_160000_20110526_120000.csv
2014/05/16 15:11:09 [5645] >f+++++++++ backup/incoming_backup/upload_original_data_from_falk/ALB/AEW/AEW18_20090425_160000_20110608_123000.csv
2014/05/16 15:11:09 [5645] >f+++++++++ backup/incoming_backup/upload_original_data_from_falk/ALB/AEW/AEW20_20090425_170000_20110617_133000.csv
2014/05/16 15:11:09 [5645] >f+++++++++ backup/incoming_backup/upload_original_data_from_falk/ALB/AEW/AEW21_20090424_170000_20110607_113000.csv
2014/05/16 15:11:09 [5645] >f+++++++++ backup/incoming_backup/upload_original_data_from_falk/ALB/AEW/AEW22_20090426_140000_20110527_110000.csv
2014/05/16 15:11:09 [5645] >f+++++++++ backup/incoming_backup/upload_original_data_from_falk/ALB/AEW/AEW23_20090423_170000_20110512_110000.csv
2014/05/16 15:11:09 [5645] >f+++++++++ backup/incoming_backup/upload_original_data_from_falk/ALB/AEW/AEW24_20090425_130000_20110606_120000.csv
2014/05/16 15:11:09 [5645] >f+++++++++ backup/incoming_backup/upload_original_data_from_falk/ALB/AEW/AEW25_20090425_110000_20110622_080000.csv
2014/05/16 15:11:09 [5645] >f+++++++++ backup/incoming_backup/upload_original_data_from_falk/ALB/AEW/AEW26_20090424_090000_20110525_133000.csv
2014/05/16 15:11:09 [5645] >f+++++++++ backup/incoming_backup/upload_original_data_from_falk/ALB/AEW/AEW27_20090425_110000_20110525_140000.csv
2014/05/16 15:11:09 [5645] >f+++++++++ backup/incoming_backup/upload_original_data_from_falk/ALB/AEW/AEW28_20090424_190000_20110518_150000.csv
2014/05/16 15:11:09 [5645] >f+++++++++ backup/incoming_backup/upload_original_data_from_falk/ALB/AEW/AEW29_20090426_120000_20110617_110000.csv
2014/05/16 15:11:09 [5645] >f+++++++++ backup/incoming_backup/upload_original_data_from_falk/ALB/AEW/AEW30_20090424_170000_20110530_120000.csv
2014/05/16 15:11:09 [5645] >f+++++++++ backup/incoming_backup/upload_original_data_from_falk/ALB/AEW/AEW31_20090425_150000_20110526_123000.csv
2014/05/16 15:11:09 [5645] >f+++++++++ backup/incoming_backup/upload_original_data_from_falk/ALB/AEW/AEW32_20090425_180000_20110531_130000.csv
2014/05/16 15:11:09 [5645] >f+++++++++ backup/incoming_backup/upload_original_data_from_falk/ALB/AEW/AEW33_20090423_190000_20110512_113000.csv
2014/05/16 15:11:09 [5645] >f+++++++++ backup/incoming_backup/upload_original_data_from_falk/ALB/AEW/AEW34_20090423_160000_20110527_133000.csv
2014/05/16 15:11:09 [5645] >f+++++++++ backup/incoming_backup/upload_original_data_from_falk/ALB/AEW/AEW35_20090424_130000_20110531_090000.csv
2014/05/16 15:11:09 [5645] >f+++++++++ backup/incoming_backup/upload_original_data_from_falk/ALB/AEW/AEW36_20090423_180000_20110610_130000.csv
2014/05/16 15:11:09 [5645] >f+++++++++ backup/incoming_backup/upload_original_data_from_falk/ALB/AEW/AEW37_20090426_170000_20110525_160000.csv
2014/05/16 15:11:09 [5645] >f+++++++++ backup/incoming_backup/upload_original_data_from_falk/ALB/AEW/AEW39_20090423_190000_20110518_140000.csv
2014/05/16 15:11:09 [5645] >f+++++++++ backup/incoming_backup/upload_original_data_from_falk/ALB/AEW/AEW45_20090423_153000_20110512_100000.csv
2014/05/16 15:11:09 [5645] cd..t...... backup/incoming_backup/upload_original_data_from_falk/HAI/
2014/05/16 15:11:09 [5645] cd..t...... backup/incoming_backup/upload_original_data_from_falk/HAI/HEG_done/
2014/05/16 15:11:09 [5645] >f+++++++++ backup/incoming_backup/upload_original_data_from_falk/HAI/HEG_done/HG01/HG01_20080625_203000_20081027_000000.csv
2014/05/16 15:11:09 [5645] >f+++++++++ backup/incoming_backup/upload_original_data_from_falk/HAI/HEG_done/HG01/HG01_20081027_120000_20090326_120000.csv
2014/05/16 15:11:09 [5645] >f+++++++++ backup/incoming_backup/upload_original_data_from_falk/HAI/HEG_done/HG01/HG01_20090326_123000_20111111_130000.csv
2014/05/16 15:11:09 [5645] >f+++++++++ backup/incoming_backup/upload_original_data_from_falk/HAI/HEG_done/HG01/HG03_20090326_123000_20110929_132000.csv
2014/05/16 15:11:09 [5645] >f+++++++++ backup/incoming_backup/upload_original_data_from_falk/HAI/HEG_done/HG02/HG02_20080626_173000_20081027_000000.csv
2014/05/16 15:11:09 [5645] >f+++++++++ backup/incoming_backup/upload_original_data_from_falk/HAI/HEG_done/HG02/HG02_20081027_003000_20090326_120000.csv
2014/05/16 15:11:09 [5645] >f+++++++++ backup/incoming_backup/upload_original_data_from_falk/HAI/HEG_done/HG02/HG02_20090326_153000_20111111_140000.csv
2014/05/16 15:11:09 [5645] >f+++++++++ backup/incoming_backup/upload_original_data_from_falk/HAI/HEG_done/HG03/HG03_20080623_063000_20081027_000000.csv
2014/05/16 15:11:09 [5645] >f+++++++++ backup/incoming_backup/upload_original_data_from_falk/HAI/HEG_done/HG03/HG03_20081027_003000_20090326_120000.csv
2014/05/16 15:11:09 [5645] >f+++++++++ backup/incoming_backup/upload_original_data_from_falk/HAI/HEG_done/HG03/HG03_20090326_123000_20110929_132000.csv
2014/05/16 15:11:10 [5645] >f+++++++++ backup/incoming_backup/upload_original_data_from_falk/HAI/HEG_done/HG04/HG04_20080612_123000_20081010_120000.csv
2014/05/16 15:11:10 [5645] >f+++++++++ backup/incoming_backup/upload_original_data_from_falk/HAI/HEG_done/HG04/HG04_20081010_123000_20090325_120000.csv
2014/05/16 15:11:10 [5645] >f+++++++++ backup/incoming_backup/upload_original_data_from_falk/HAI/HEG_done/HG04/HG04_20090325_123000_20111109_130000.csv
2014/05/16 15:11:10 [5645] >f+++++++++ backup/incoming_backup/upload_original_data_from_falk/HAI/HEG_done/HG05/HG05_20080710_173000_20081110_120000.csv
2014/05/16 15:11:10 [5645] >f+++++++++ backup/incoming_backup/upload_original_data_from_falk/HAI/HEG_done/HG05/HG05_20081110_123000_20090514_190000.csv
2014/05/16 15:11:10 [5645] >f+++++++++ backup/incoming_backup/upload_original_data_from_falk/HAI/HEG_done/HG05/HG05_20081110_123000_20091202_140000.csv
2014/05/16 15:11:10 [5645] >f+++++++++ backup/incoming_backup/upload_original_data_from_falk/HAI/HEG_done/HG05/HG05_20091202_143000_20100621_100000.csv
2014/05/16 15:11:10 [5645] >f+++++++++ backup/incoming_backup/upload_original_data_from_falk/HAI/HEG_done/HG05/HG05_20100621_103000_20111201_120000.csv
2014/05/16 15:11:10 [5645] >f+++++++++ backup/incoming_backup/upload_original_data_from_falk/HAI/HEG_done/HG06/HG06_20080716_030000_20081106_120000.csv
2014/05/16 15:11:10 [5645] >f+++++++++ backup/incoming_backup/upload_original_data_from_falk/HAI/HEG_done/HG06/HG06_20081106_130000_20090324_120000.csv
2014/05/16 15:11:10 [5645] >f+++++++++ backup/incoming_backup/upload_original_data_from_falk/HAI/HEG_done/HG06/HG06_20090324_123000_20091027_120000.csv
2014/05/16 15:11:10 [5645] >f+++++++++ backup/incoming_backup/upload_original_data_from_falk/HAI/HEG_done/HG06/HG06_20091027_123000_20111201_100000.csv
2014/05/16 15:11:10 [5645] >f+++++++++ backup/incoming_backup/upload_original_data_from_falk/HAI/HEG_done/HG07/HG07_20080701_123000_20090324_073000.csv
2014/05/16 15:11:10 [5645] >f+++++++++ backup/incoming_backup/upload_original_data_from_falk/HAI/HEG_done/HG07/HG07_20090324_123000_20091028_110000.csv
2014/05/16 15:11:10 [5645] >f+++++++++ backup/incoming_backup/upload_original_data_from_falk/HAI/HEG_done/HG07/HG07_20091028_113000_20100608_120000.csv
2014/05/16 15:11:10 [5645] >f+++++++++ backup/incoming_backup/upload_original_data_from_falk/HAI/HEG_done/HG07/HG07_20100608_123000_20110923_110000.csv
2014/05/16 15:11:10 [5645] >f+++++++++ backup/incoming_backup/upload_original_data_from_falk/HAI/HEG_done/HG08/HG08_20080701_090000_20081028_000000.csv
2014/05/16 15:11:10 [5645] >f+++++++++ backup/incoming_backup/upload_original_data_from_falk/HAI/HEG_done/HG08/HG08_20081028_003000_20090324_000000.csv
2014/05/16 15:11:10 [5645] >f+++++++++ backup/incoming_backup/upload_original_data_from_falk/HAI/HEG_done/HG08/HG08_20090324_003000_20091028_100000.csv
2014/05/16 15:11:10 [5645] >f+++++++++ backup/incoming_backup/upload_original_data_from_falk/HAI/HEG_done/HG08/HG08_20091028_003000_20100430_090000.csv
2014/05/16 15:11:10 [5645] >f+++++++++ backup/incoming_backup/upload_original_data_from_falk/HAI/HEG_done/HG08/HG08_20100430_093000_20100608_140000.csv
2014/05/16 15:11:10 [5645] >f+++++++++ backup/incoming_backup/upload_original_data_from_falk/HAI/HEG_done/HG08/HG08_20100608_143000_20111108_100000.csv
2014/05/16 15:11:10 [5645] >f+++++++++ backup/incoming_backup/upload_original_data_from_falk/HAI/HEG_done/HG09/HG09_20080721_083000_20081106_120000.csv
2014/05/16 15:11:10 [5645] >f+++++++++ backup/incoming_backup/upload_original_data_from_falk/HAI/HEG_done/HG09/HG09_20081106_123000_20090324_120000.csv
2014/05/16 15:11:10 [5645] >f+++++++++ backup/incoming_backup/upload_original_data_from_falk/HAI/HEG_done/HG09/HG09_20090324_123000_20091027_110000.csv
2014/05/16 15:11:10 [5645] >f+++++++++ backup/incoming_backup/upload_original_data_from_falk/HAI/HEG_done/HG09/HG09_20091027_113000_20100527_110000.csv
2014/05/16 15:11:10 [5645] >f+++++++++ backup/incoming_backup/upload_original_data_from_falk/HAI/HEG_done/HG09/HG09_20100527_123000_20111201_120000.csv
2014/05/16 15:11:10 [5645] >f+++++++++ backup/incoming_backup/upload_original_data_from_falk/HAI/HEG_done/HG10/HG10_20080704_123000_20081028_120000.csv
2014/05/16 15:11:10 [5645] >f+++++++++ backup/incoming_backup/upload_original_data_from_falk/HAI/HEG_done/HG10/HG10_20081028_140000_20090324_000000.csv
2014/05/16 15:11:10 [5645] >f+++++++++ backup/incoming_backup/upload_original_data_from_falk/HAI/HEG_done/HG10/HG10_20090324_003000_20091028_120000.csv
2014/05/16 15:11:10 [5645] >f+++++++++ backup/incoming_backup/upload_original_data_from_falk/HAI/HEG_done/HG10/HG10_20091028_123000_20100608_140000.csv
2014/05/16 15:11:10 [5645] >f+++++++++ backup/incoming_backup/upload_original_data_from_falk/HAI/HEG_done/HG10/HG10_20100608_143000_20101216_130000.csv
2014/05/16 15:11:10 [5645] >f+++++++++ backup/incoming_backup/upload_original_data_from_falk/HAI/HEG_done/HG10/HG10_20101216_133000_20110628_100000.csv
2014/05/16 15:11:10 [5645] >f+++++++++ backup/incoming_backup/upload_original_data_from_falk/HAI/HEG_done/HG10/HG10_20110628_103000_20111103_120000.csv
2014/05/16 15:11:10 [5645] >f+++++++++ backup/incoming_backup/upload_original_data_from_falk/HAI/HEG_done/HG11/HG11_20080704_053000_20081028_120000.csv
2014/05/16 15:11:10 [5645] >f+++++++++ backup/incoming_backup/upload_original_data_from_falk/HAI/HEG_done/HG11/HG11_20081028_123000_20090324_000000.csv
2014/05/16 15:11:10 [5645] >f+++++++++ backup/incoming_backup/upload_original_data_from_falk/HAI/HEG_done/HG11/HG11_20090324_003000_20091028_130000.csv
2014/05/16 15:11:10 [5645] >f+++++++++ backup/incoming_backup/upload_original_data_from_falk/HAI/HEG_done/HG11/HG11_20091028_133000_20100608_130000.csv
2014/05/16 15:11:10 [5645] >f+++++++++ backup/incoming_backup/upload_original_data_from_falk/HAI/HEG_done/HG11/HG11_20100608_133000_20101216_130000.csv
2014/05/16 15:11:10 [5645] >f+++++++++ backup/incoming_backup/upload_original_data_from_falk/HAI/HEG_done/HG11/HG11_20101216_133000_20110628_120000.csv
2014/05/16 15:11:10 [5645] >f+++++++++ backup/incoming_backup/upload_original_data_from_falk/HAI/HEG_done/HG11/HG11_20110628_123000_20111103_120000.csv
2014/05/16 15:11:10 [5645] >f+++++++++ backup/incoming_backup/upload_original_data_from_falk/HAI/HEG_done/HG12/HG12_20080611_113000_20081111_000000.csv
2014/05/16 15:11:10 [5645] >f+++++++++ backup/incoming_backup/upload_original_data_from_falk/HAI/HEG_done/HG12/HG12_20081111_003000_20090327_000000.csv
2014/05/16 15:11:10 [5645] >f+++++++++ backup/incoming_backup/upload_original_data_from_falk/HAI/HEG_done/HG12/HG12_20090327_003000_20091201_150000.csv
2014/05/16 15:11:10 [5645] >f+++++++++ backup/incoming_backup/upload_original_data_from_falk/HAI/HEG_done/HG12/HG12_20091201_153000_20100611_080000.csv
2014/05/16 15:11:10 [5645] >f+++++++++ backup/incoming_backup/upload_original_data_from_falk/HAI/HEG_done/HG12/HG12_20100611_083000_20110202_090000.csv
2014/05/16 15:11:10 [5645] >f+++++++++ backup/incoming_backup/upload_original_data_from_falk/HAI/HEG_done/HG12/HG12_20110202_093000_20110616_130000.csv
2014/05/16 15:11:10 [5645] >f+++++++++ backup/incoming_backup/upload_original_data_from_falk/HAI/HEG_done/HG12/HG12_20110616_133000_20111208_080000.csv
2014/05/16 15:11:10 [5645] >f+++++++++ backup/incoming_backup/upload_original_data_from_falk/HAI/HEG_done/HG13/HG13_20080724_033000_20081107_120000.csv
2014/05/16 15:11:10 [5645] >f+++++++++ backup/incoming_backup/upload_original_data_from_falk/HAI/HEG_done/HG13/HG13_20081107_123000_20090506_120000.csv
2014/05/16 15:11:10 [5645] >f+++++++++ backup/incoming_backup/upload_original_data_from_falk/HAI/HEG_done/HG13/HG13_20090506_123000_20091027_110000.csv
2014/05/16 15:11:10 [5645] >f+++++++++ backup/incoming_backup/upload_original_data_from_falk/HAI/HEG_done/HG13/HG13_20091027_113000_20100527_120000.csv
2014/05/16 15:11:10 [5645] >f+++++++++ backup/incoming_backup/upload_original_data_from_falk/HAI/HEG_done/HG13/HG13_20100527_123000_20110112_110000.csv
2014/05/16 15:11:10 [5645] >f+++++++++ backup/incoming_backup/upload_original_data_from_falk/HAI/HEG_done/HG13/HG13_20110112_113000_20110615_100000.csv
2014/05/16 15:11:10 [5645] >f+++++++++ backup/incoming_backup/upload_original_data_from_falk/HAI/HEG_done/HG13/HG13_20110615_103000_20111124_110000.csv
2014/05/16 15:11:10 [5645] >f+++++++++ backup/incoming_backup/upload_original_data_from_falk/HAI/HEG_done/HG14/HG14_20080722_090000_20081106_120000.csv
2014/05/16 15:11:10 [5645] >f+++++++++ backup/incoming_backup/upload_original_data_from_falk/HAI/HEG_done/HG14/HG14_20081106_123000_20090324_000000.csv
2014/05/16 15:11:10 [5645] >f+++++++++ backup/incoming_backup/upload_original_data_from_falk/HAI/HEG_done/HG14/HG14_20090324_003000_20091027_130000.csv
2014/05/16 15:11:10 [5645] >f+++++++++ backup/incoming_backup/upload_original_data_from_falk/HAI/HEG_done/HG14/HG14_20091027_133000_20100527_120000.csv
2014/05/16 15:11:10 [5645] >f+++++++++ backup/incoming_backup/upload_original_data_from_falk/HAI/HEG_done/HG14/HG14_20100527_123000_20101103_120000.csv
2014/05/16 15:11:10 [5645] >f+++++++++ backup/incoming_backup/upload_original_data_from_falk/HAI/HEG_done/HG14/HG14_20101103_123000_20110622_000000.csv
2014/05/16 15:11:10 [5645] >f+++++++++ backup/incoming_backup/upload_original_data_from_falk/HAI/HEG_done/HG14/HG14_20110622_003000_20111026_120000.csv
2014/05/16 15:11:10 [5645] >f+++++++++ backup/incoming_backup/upload_original_data_from_falk/HAI/HEG_done/HG15/HG15_20080620_100000_20090326_120000.csv
2014/05/16 15:11:10 [5645] >f+++++++++ backup/incoming_backup/upload_original_data_from_falk/HAI/HEG_done/HG15/HG15_20080717_040000_20081006_120000.csv
2014/05/16 15:11:10 [5645] >f+++++++++ backup/incoming_backup/upload_original_data_from_falk/HAI/HEG_done/HG15/HG15_20090326_123000_20091006_090000.csv
2014/05/16 15:11:10 [5645] >f+++++++++ backup/incoming_backup/upload_original_data_from_falk/HAI/HEG_done/HG15/HG15_20091006_093000_20100623_090000.csv
2014/05/16 15:11:10 [5645] >f+++++++++ backup/incoming_backup/upload_original_data_from_falk/HAI/HEG_done/HG15/HG15_20100623_093000_20110126_110000.csv
2014/05/16 15:11:10 [5645] >f+++++++++ backup/incoming_backup/upload_original_data_from_falk/HAI/HEG_done/HG15/HG15_20110126_113000_20110616_080000.csv
2014/05/16 15:11:10 [5645] >f+++++++++ backup/incoming_backup/upload_original_data_from_falk/HAI/HEG_done/HG15/HG15_20110616_083000_20111025_090000.csv
2014/05/16 15:11:10 [5645] >f+++++++++ backup/incoming_backup/upload_original_data_from_falk/HAI/HEG_done/HG16/HG16_20080618_120000_20081113_000000.csv
2014/05/16 15:11:10 [5645] >f+++++++++ backup/incoming_backup/upload_original_data_from_falk/HAI/HEG_done/HG16/HG16_20081113_003000_20090326_120000.csv
2014/05/16 15:11:10 [5645] >f+++++++++ backup/incoming_backup/upload_original_data_from_falk/HAI/HEG_done/HG16/HG16_20090326_123000_20091006_103000.csv
2014/05/16 15:11:10 [5645] >f+++++++++ backup/incoming_backup/upload_original_data_from_falk/HAI/HEG_done/HG16/HG16_20101006_110000_20110208_110000.csv
2014/05/16 15:11:10 [5645] >f+++++++++ backup/incoming_backup/upload_original_data_from_falk/HAI/HEG_done/HG16/HG16_20110208_113000_20110616_100000.csv
2014/05/16 15:11:10 [5645] >f+++++++++ backup/incoming_backup/upload_original_data_from_falk/HAI/HEG_done/HG16/HG16_20110616_103000_20111025_100000.csv
2014/05/16 15:11:10 [5645] >f+++++++++ backup/incoming_backup/upload_original_data_from_falk/HAI/HEG_done/HG17/HG17_20080619_120000_20081113_000000.csv
2014/05/16 15:11:10 [5645] >f+++++++++ backup/incoming_backup/upload_original_data_from_falk/HAI/HEG_done/HG17/HG17_20081113_003000_20090327_000000.csv
2014/05/16 15:11:10 [5645] >f+++++++++ backup/incoming_backup/upload_original_data_from_falk/HAI/HEG_done/HG17/HG17_20090327_003000_20091006_090000.csv
2014/05/16 15:11:10 [5645] >f+++++++++ backup/incoming_backup/upload_original_data_from_falk/HAI/HEG_done/HG17/HG17_20091006_093000_20100623_100000.csv
2014/05/16 15:11:10 [5645] >f+++++++++ backup/incoming_backup/upload_original_data_from_falk/HAI/HEG_done/HG17/HG17_20100623_103000_20101117_150000.csv
2014/05/16 15:11:10 [5645] >f+++++++++ backup/incoming_backup/upload_original_data_from_falk/HAI/HEG_done/HG17/HG17_20101117_153000_20110630_090000.csv
2014/05/16 15:11:10 [5645] >f+++++++++ backup/incoming_backup/upload_original_data_from_falk/HAI/HEG_done/HG17/HG17_20110630_093000_20111109_120000.csv
2014/05/16 15:11:10 [5645] >f+++++++++ backup/incoming_backup/upload_original_data_from_falk/HAI/HEG_done/HG18/HG18_20080722_123000_20081024_000000.csv
2014/05/16 15:11:10 [5645] >f+++++++++ backup/incoming_backup/upload_original_data_from_falk/HAI/HEG_done/HG18/HG18_20081024_003000_20090324_120000.csv
2014/05/16 15:11:10 [5645] >f+++++++++ backup/incoming_backup/upload_original_data_from_falk/HAI/HEG_done/HG18/HG18_20090324_123000_20090807_000000.csv
2014/05/16 15:11:10 [5645] >f+++++++++ backup/incoming_backup/upload_original_data_from_falk/HAI/HEG_done/HG18/HG18_20090807_003000_20090916_130000.csv
2014/05/16 15:11:10 [5645] >f+++++++++ backup/incoming_backup/upload_original_data_from_falk/HAI/HEG_done/HG18/HG18_20090916_133000_20091202_140000.csv
2014/05/16 15:11:10 [5645] >f+++++++++ backup/incoming_backup/upload_original_data_from_falk/HAI/HEG_done/HG18/HG18_20091202_143000_20100527_130000.csv
2014/05/16 15:11:10 [5645] >f+++++++++ backup/incoming_backup/upload_original_data_from_falk/HAI/HEG_done/HG18/HG18_20100527_133000_20101103_140000.csv
2014/05/16 15:11:10 [5645] >f+++++++++ backup/incoming_backup/upload_original_data_from_falk/HAI/HEG_done/HG18/HG18_20101103_143000_20110622_100000.csv
2014/05/16 15:11:10 [5645] >f+++++++++ backup/incoming_backup/upload_original_data_from_falk/HAI/HEG_done/HG18/HG18_20110622_103000_20111026_140000.csv
2014/05/16 15:11:10 [5645] >f+++++++++ backup/incoming_backup/upload_original_data_from_falk/HAI/HEG_done/HG19/HG19_20080619_150000_20081113_000000.csv
2014/05/16 15:11:10 [5645] >f+++++++++ backup/incoming_backup/upload_original_data_from_falk/HAI/HEG_done/HG19/HG19_20081113_003000_20090327_120000.csv
2014/05/16 15:11:10 [5645] >f+++++++++ backup/incoming_backup/upload_original_data_from_falk/HAI/HEG_done/HG19/HG19_20090327_123000_20091006_093000.csv
2014/05/16 15:11:10 [5645] >f+++++++++ backup/incoming_backup/upload_original_data_from_falk/HAI/HEG_done/HG19/HG19_20091006_093000_20100623_100000.csv
2014/05/16 15:11:10 [5645] >f+++++++++ backup/incoming_backup/upload_original_data_from_falk/HAI/HEG_done/HG19/HG19_20100623_103000_20100903_100000.csv
2014/05/16 15:11:10 [5645] >f+++++++++ backup/incoming_backup/upload_original_data_from_falk/HAI/HEG_done/HG19/HG19_20100903_103000_20110811_140000.csv
2014/05/16 15:11:10 [5645] >f+++++++++ backup/incoming_backup/upload_original_data_from_falk/HAI/HEG_done/HG19/HG19_20110811_141000_20111222_093000.csv
2014/05/16 15:11:10 [5645] >f+++++++++ backup/incoming_backup/upload_original_data_from_falk/HAI/HEG_done/HG20/HG20_20080723_130000_20081106_000000.csv
2014/05/16 15:11:10 [5645] >f+++++++++ backup/incoming_backup/upload_original_data_from_falk/HAI/HEG_done/HG20/HG20_20081106_003000_20090324_120000.csv
2014/05/16 15:11:10 [5645] >f+++++++++ backup/incoming_backup/upload_original_data_from_falk/HAI/HEG_done/HG20/HG20_20090324_123000_20091027_110000.csv
2014/05/16 15:11:10 [5645] >f+++++++++ backup/incoming_backup/upload_original_data_from_falk/HAI/HEG_done/HG20/HG20_20091027_113000_20100527_110000.csv
2014/05/16 15:11:10 [5645] >f+++++++++ backup/incoming_backup/upload_original_data_from_falk/HAI/HEG_done/HG20/HG20_20100527_113000_20100907_120000.csv
2014/05/16 15:11:10 [5645] >f+++++++++ backup/incoming_backup/upload_original_data_from_falk/HAI/HEG_done/HG20/HG20_20100907_140000_20111124_122000.csv
2014/05/16 15:11:10 [5645] >f+++++++++ backup/incoming_backup/upload_original_data_from_falk/HAI/HEG_done/HG21/HG21_20080707_120000_20081103_000000.csv
2014/05/16 15:11:10 [5645] >f+++++++++ backup/incoming_backup/upload_original_data_from_falk/HAI/HEG_done/HG21/HG21_20081103_003000_20090325_120000.csv
2014/05/16 15:11:10 [5645] >f+++++++++ backup/incoming_backup/upload_original_data_from_falk/HAI/HEG_done/HG21/HG21_20090325_123000_20091013_090000.csv
2014/05/16 15:11:10 [5645] >f+++++++++ backup/incoming_backup/upload_original_data_from_falk/HAI/HEG_done/HG21/HG21_20091013_093000_20100621_130000.csv
2014/05/16 15:11:10 [5645] >f+++++++++ backup/incoming_backup/upload_original_data_from_falk/HAI/HEG_done/HG21/HG21_20100621_133000_20110121_140000.csv
2014/05/16 15:11:10 [5645] >f+++++++++ backup/incoming_backup/upload_original_data_from_falk/HAI/HEG_done/HG21/HG21_20110121_143000_20110614_090000.csv
2014/05/16 15:11:10 [5645] >f+++++++++ backup/incoming_backup/upload_original_data_from_falk/HAI/HEG_done/HG21/HG21_20110614_093000_20111124_100000.csv
2014/05/16 15:11:10 [5645] >f+++++++++ backup/incoming_backup/upload_original_data_from_falk/HAI/HEG_done/HG22/HG22_20080812_090000_20081114_000000.csv
2014/05/16 15:11:10 [5645] >f+++++++++ backup/incoming_backup/upload_original_data_from_falk/HAI/HEG_done/HG22/HG22_20081114_003000_20090326_120000.csv
2014/05/16 15:11:10 [5645] >f+++++++++ backup/incoming_backup/upload_original_data_from_falk/HAI/HEG_done/HG22/HG22_20090326_123000_20091026_130000.csv
2014/05/16 15:11:10 [5645] >f+++++++++ backup/incoming_backup/upload_original_data_from_falk/HAI/HEG_done/HG22/HG22_20091026_133000_20100602_100000.csv
2014/05/16 15:11:10 [5645] >f+++++++++ backup/incoming_backup/upload_original_data_from_falk/HAI/HEG_done/HG22/HG22_20100602_103000_20101109_110000.csv
2014/05/16 15:11:10 [5645] >f+++++++++ backup/incoming_backup/upload_original_data_from_falk/HAI/HEG_done/HG22/HG22_20101109_113000_20110705_100000.csv
2014/05/16 15:11:10 [5645] >f+++++++++ backup/incoming_backup/upload_original_data_from_falk/HAI/HEG_done/HG22/HG22_20110705_103000_20111111_110000.csv
2014/05/16 15:11:10 [5645] >f+++++++++ backup/incoming_backup/upload_original_data_from_falk/HAI/HEG_done/HG23/HG23_20080910_003000_20090326_000000.csv
2014/05/16 15:11:10 [5645] >f+++++++++ backup/incoming_backup/upload_original_data_from_falk/HAI/HEG_done/HG23/HG23_20090326_003000_20091026_130000.csv
2014/05/16 15:11:10 [5645] >f+++++++++ backup/incoming_backup/upload_original_data_from_falk/HAI/HEG_done/HG23/HG23_20091026_133000_20100602_080000.csv
2014/05/16 15:11:11 [5645] >f+++++++++ backup/incoming_backup/upload_original_data_from_falk/HAI/HEG_done/HG23/HG23_20100602_083000_20101109_100000.csv
2014/05/16 15:11:11 [5645] >f+++++++++ backup/incoming_backup/upload_original_data_from_falk/HAI/HEG_done/HG23/HG23_20101109_103000_20110705_090000.csv
2014/05/16 15:11:11 [5645] >f+++++++++ backup/incoming_backup/upload_original_data_from_falk/HAI/HEG_done/HG23/HG23_20110705_093000_20111111_100000.csv
2014/05/16 15:11:11 [5645] >f+++++++++ backup/incoming_backup/upload_original_data_from_falk/HAI/HEG_done/HG24/HG24_20080805_143000_20081112_000000.csv
2014/05/16 15:11:11 [5645] >f+++++++++ backup/incoming_backup/upload_original_data_from_falk/HAI/HEG_done/HG24/HG24_20081112_003000_20090326_000000.csv
2014/05/16 15:11:11 [5645] >f+++++++++ backup/incoming_backup/upload_original_data_from_falk/HAI/HEG_done/HG24/HG24_20090326_003000_20091026_130000.csv
2014/05/16 15:11:11 [5645] >f+++++++++ backup/incoming_backup/upload_original_data_from_falk/HAI/HEG_done/HG24/HG24_20091026_133000_20100602_090000.csv
2014/05/16 15:11:11 [5645] >f+++++++++ backup/incoming_backup/upload_original_data_from_falk/HAI/HEG_done/HG24/HG24_20100602_093000_20100908_080000.csv
2014/05/16 15:11:11 [5645] >f+++++++++ backup/incoming_backup/upload_original_data_from_falk/HAI/HEG_done/HG24/HG24_20100908_090000_20111130_104000.csv
2014/05/16 15:11:11 [5645] >f+++++++++ backup/incoming_backup/upload_original_data_from_falk/HAI/HEG_done/HG25/HG25_20080903_110000_20081114_000000.csv
2014/05/16 15:11:11 [5645] >f+++++++++ backup/incoming_backup/upload_original_data_from_falk/HAI/HEG_done/HG25/HG25_20081114_003000_20090326_120000.csv
2014/05/16 15:11:11 [5645] >f+++++++++ backup/incoming_backup/upload_original_data_from_falk/HAI/HEG_done/HG25/HG25_20090326_123000_20091026_110000.csv
2014/05/16 15:11:11 [5645] >f+++++++++ backup/incoming_backup/upload_original_data_from_falk/HAI/HEG_done/HG25/HG25_20091026_113000_20100602_100000.csv
2014/05/16 15:11:11 [5645] >f+++++++++ backup/incoming_backup/upload_original_data_from_falk/HAI/HEG_done/HG25/HG25_20100602_103000_20101109_110000.csv
2014/05/16 15:11:11 [5645] >f+++++++++ backup/incoming_backup/upload_original_data_from_falk/HAI/HEG_done/HG25/HG25_20101109_113000_20110705_100000.csv
2014/05/16 15:11:11 [5645] >f+++++++++ backup/incoming_backup/upload_original_data_from_falk/HAI/HEG_done/HG25/HG25_20110705_103000_20111111_120000.csv
2014/05/16 15:11:11 [5645] >f+++++++++ backup/incoming_backup/upload_original_data_from_falk/HAI/HEG_done/HG26/HG26_20080627_170000_20081028_000000.csv
2014/05/16 15:11:11 [5645] >f+++++++++ backup/incoming_backup/upload_original_data_from_falk/HAI/HEG_done/HG26/HG26_20081028_003000_20090324_000000.csv
2014/05/16 15:11:11 [5645] >f+++++++++ backup/incoming_backup/upload_original_data_from_falk/HAI/HEG_done/HG26/HG26_20090324_003000_20091028_000000.csv
2014/05/16 15:11:11 [5645] >f+++++++++ backup/incoming_backup/upload_original_data_from_falk/HAI/HEG_done/HG26/HG26_20091028_003000_20100608_120000.csv
2014/05/16 15:11:11 [5645] >f+++++++++ backup/incoming_backup/upload_original_data_from_falk/HAI/HEG_done/HG26/HG26_20100608_123000_20101216_110000.csv
2014/05/16 15:11:11 [5645] >f+++++++++ backup/incoming_backup/upload_original_data_from_falk/HAI/HEG_done/HG26/HG26_20101216_113000_20110628_090000.csv
2014/05/16 15:11:11 [5645] >f+++++++++ backup/incoming_backup/upload_original_data_from_falk/HAI/HEG_done/HG26/HG26_20110628_093000_20111103_110000.csv
2014/05/16 15:11:11 [5645] >f+++++++++ backup/incoming_backup/upload_original_data_from_falk/HAI/HEG_done/HG27/HG27_20080623_110000_20081113_120000.csv
2014/05/16 15:11:11 [5645] >f+++++++++ backup/incoming_backup/upload_original_data_from_falk/HAI/HEG_done/HG27/HG27_20081113_123000_20090327_000000.csv
2014/05/16 15:11:11 [5645] >f+++++++++ backup/incoming_backup/upload_original_data_from_falk/HAI/HEG_done/HG27/HG27_20090327_003000_20091202_110000.csv
2014/05/16 15:11:11 [5645] >f+++++++++ backup/incoming_backup/upload_original_data_from_falk/HAI/HEG_done/HG27/HG27_20091202_113000_20100611_100000.csv
2014/05/16 15:11:11 [5645] >f+++++++++ backup/incoming_backup/upload_original_data_from_falk/HAI/HEG_done/HG27/HG27_20100611_103000_20110126_130000.csv
2014/05/16 15:11:11 [5645] >f+++++++++ backup/incoming_backup/upload_original_data_from_falk/HAI/HEG_done/HG27/HG27_20110126_133000_20110616_130000.csv
2014/05/16 15:11:11 [5645] >f+++++++++ backup/incoming_backup/upload_original_data_from_falk/HAI/HEG_done/HG27/HG27_20110616_133000_20111109_100000.csv
2014/05/16 15:11:11 [5645] >f+++++++++ backup/incoming_backup/upload_original_data_from_falk/HAI/HEG_done/HG28/HG28_20080717_093000_20081103_000000.csv
2014/05/16 15:11:11 [5645] >f+++++++++ backup/incoming_backup/upload_original_data_from_falk/HAI/HEG_done/HG28/HG28_20081103_003000_20090325_000000.csv
2014/05/16 15:11:11 [5645] >f+++++++++ backup/incoming_backup/upload_original_data_from_falk/HAI/HEG_done/HG28/HG28_20090325_003000_20090624_000000.csv
2014/05/16 15:11:11 [5645] >f+++++++++ backup/incoming_backup/upload_original_data_from_falk/HAI/HEG_done/HG28/HG28_20090624_003000_20091012_010000.csv
2014/05/16 15:11:11 [5645] >f+++++++++ backup/incoming_backup/upload_original_data_from_falk/HAI/HEG_done/HG28/HG28_20091012_013000_20100609_120000.csv
2014/05/16 15:11:11 [5645] >f+++++++++ backup/incoming_backup/upload_original_data_from_falk/HAI/HEG_done/HG28/HG28_20100609_123000_20101112_120000.csv
2014/05/16 15:11:11 [5645] >f+++++++++ backup/incoming_backup/upload_original_data_from_falk/HAI/HEG_done/HG28/HG28_20101112_123000_20110615_000000.csv
2014/05/16 15:11:11 [5645] >f+++++++++ backup/incoming_backup/upload_original_data_from_falk/HAI/HEG_done/HG28/HG28_20110615_003000_20111016_230000.csv
2014/05/16 15:11:11 [5645] >f+++++++++ backup/incoming_backup/upload_original_data_from_falk/HAI/HEG_done/HG29/HG29_20080717_120000_20081103_000000.csv
2014/05/16 15:11:11 [5645] >f+++++++++ backup/incoming_backup/upload_original_data_from_falk/HAI/HEG_done/HG29/HG29_20081103_003000_20090325_000000.csv
2014/05/16 15:11:11 [5645] >f+++++++++ backup/incoming_backup/upload_original_data_from_falk/HAI/HEG_done/HG29/HG29_20090325_003000_20091012_000000.csv
2014/05/16 15:11:11 [5645] >f+++++++++ backup/incoming_backup/upload_original_data_from_falk/HAI/HEG_done/HG29/HG29_20091012_003000_20100609_150000_.csv
2014/05/16 15:11:11 [5645] >f+++++++++ backup/incoming_backup/upload_original_data_from_falk/HAI/HEG_done/HG29/HG29_20100609_153000_20100906_090000.csv
2014/05/16 15:11:11 [5645] >f+++++++++ backup/incoming_backup/upload_original_data_from_falk/HAI/HEG_done/HG30/HG30_20080714_103000_20081110_120000.csv
2014/05/16 15:11:11 [5645] >f+++++++++ backup/incoming_backup/upload_original_data_from_falk/HAI/HEG_done/HG30/HG30_20081103_003000_20090206_000000.csv
2014/05/16 15:11:11 [5645] >f+++++++++ backup/incoming_backup/upload_original_data_from_falk/HAI/HEG_done/HG30/HG30_20090206_003000_20091110_110000.csv
2014/05/16 15:11:11 [5645] >f+++++++++ backup/incoming_backup/upload_original_data_from_falk/HAI/HEG_done/HG30/HG30_20091110_113000_20100621_110000.csv
2014/05/16 15:11:11 [5645] >f+++++++++ backup/incoming_backup/upload_original_data_from_falk/HAI/HEG_done/HG30/HG30_20100621_113000_20101112_110000.csv
2014/05/16 15:11:11 [5645] >f+++++++++ backup/incoming_backup/upload_original_data_from_falk/HAI/HEG_done/HG30/HG30_20101112_113000_20110630_110000.csv
2014/05/16 15:11:11 [5645] >f+++++++++ backup/incoming_backup/upload_original_data_from_falk/HAI/HEG_done/HG30/HG30_20110630_113000_20111201_120000.csv
2014/05/16 15:11:11 [5645] >f+++++++++ backup/incoming_backup/upload_original_data_from_falk/HAI/HEG_done/HG31/HG31_20080902_090000_20081112_000000.csv
2014/05/16 15:11:11 [5645] >f+++++++++ backup/incoming_backup/upload_original_data_from_falk/HAI/HEG_done/HG31/HG31_20081112_003000_20090504_060000.csv
2014/05/16 15:11:11 [5645] >f+++++++++ backup/incoming_backup/upload_original_data_from_falk/HAI/HEG_done/HG31/HG31_20090504_063000_20091026_120000.csv
2014/05/16 15:11:11 [5645] >f+++++++++ backup/incoming_backup/upload_original_data_from_falk/HAI/HEG_done/HG31/HG31_20091026_123000_20100601_130000.csv
2014/05/16 15:11:11 [5645] >f+++++++++ backup/incoming_backup/upload_original_data_from_falk/HAI/HEG_done/HG31/HG31_20100601_133000_20100907_130000.csv
2014/05/16 15:11:11 [5645] >f+++++++++ backup/incoming_backup/upload_original_data_from_falk/HAI/HEG_done/HG32/HG32_20080606_140000_20081111_000000.csv
2014/05/16 15:11:11 [5645] >f+++++++++ backup/incoming_backup/upload_original_data_from_falk/HAI/HEG_done/HG32/HG32_20081111_003000_20090327_000000.csv
2014/05/16 15:11:11 [5645] >f+++++++++ backup/incoming_backup/upload_original_data_from_falk/HAI/HEG_done/HG32/HG32_20090327_003000_20091201_150000.csv
2014/05/16 15:11:11 [5645] >f+++++++++ backup/incoming_backup/upload_original_data_from_falk/HAI/HEG_done/HG32/HG32_20091201_153000_20100611_090000.csv
2014/05/16 15:11:11 [5645] >f+++++++++ backup/incoming_backup/upload_original_data_from_falk/HAI/HEG_done/HG32/HG32_20100611_093000_20110202_090000.csv
2014/05/16 15:11:11 [5645] >f+++++++++ backup/incoming_backup/upload_original_data_from_falk/HAI/HEG_done/HG32/HG32_20110202_093000_20110617_090000.csv
2014/05/16 15:11:11 [5645] >f+++++++++ backup/incoming_backup/upload_original_data_from_falk/HAI/HEG_done/HG32/HG32_20110617_093000_20111208_080000.csv
2014/05/16 15:11:11 [5645] >f+++++++++ backup/incoming_backup/upload_original_data_from_falk/HAI/HEG_done/HG33/HG33_20080611_170000_20081112_000000.csv
2014/05/16 15:11:11 [5645] >f+++++++++ backup/incoming_backup/upload_original_data_from_falk/HAI/HEG_done/HG33/HG33_20081112_003000_20091201_110000.csv
2014/05/16 15:11:11 [5645] >f+++++++++ backup/incoming_backup/upload_original_data_from_falk/HAI/HEG_done/HG33/HG33_20091201_113000_20100629_110000.csv
2014/05/16 15:11:11 [5645] >f+++++++++ backup/incoming_backup/upload_original_data_from_falk/HAI/HEG_done/HG33/HG33_20100629_113000_20110112_140000.csv
2014/05/16 15:11:11 [5645] >f+++++++++ backup/incoming_backup/upload_original_data_from_falk/HAI/HEG_done/HG33/HG33_20110112_143000_20110927_090000.csv
2014/05/16 15:11:11 [5645] >f+++++++++ backup/incoming_backup/upload_original_data_from_falk/HAI/HEG_done/HG33/HG33_20110927_093000_20111109_120000.csv
2014/05/16 15:11:11 [5645] >f+++++++++ backup/incoming_backup/upload_original_data_from_falk/HAI/HEG_done/HG34/HG34_20080716_133000_20081106_120000.csv
2014/05/16 15:11:11 [5645] >f+++++++++ backup/incoming_backup/upload_original_data_from_falk/HAI/HEG_done/HG34/HG34_20081106_123000_20091027_000000.csv
2014/05/16 15:11:11 [5645] >f+++++++++ backup/incoming_backup/upload_original_data_from_falk/HAI/HEG_done/HG34/HG34_20091027_103000_20100527_000000.csv
2014/05/16 15:11:11 [5645] >f+++++++++ backup/incoming_backup/upload_original_data_from_falk/HAI/HEG_done/HG34/HG34_20100527_003000_20101103_000000.csv
2014/05/16 15:11:11 [5645] >f+++++++++ backup/incoming_backup/upload_original_data_from_falk/HAI/HEG_done/HG34/HG34_20101103_103000_20110622_000000.csv
2014/05/16 15:11:11 [5645] >f+++++++++ backup/incoming_backup/upload_original_data_from_falk/HAI/HEG_done/HG34/HG34_20110622_003000_20112101_000000.csv
2014/05/16 15:11:11 [5645] >f+++++++++ backup/incoming_backup/upload_original_data_from_falk/HAI/HEG_done/HG35/HG35_20080723_103000_20081106_120000.csv
2014/05/16 15:11:11 [5645] >f+++++++++ backup/incoming_backup/upload_original_data_from_falk/HAI/HEG_done/HG35/HG35_20081106_123000_20090925_010000.csv
2014/05/16 15:11:11 [5645] >f+++++++++ backup/incoming_backup/upload_original_data_from_falk/HAI/HEG_done/HG35/HG35_20090925_013000_20100527_000000.csv
2014/05/16 15:11:11 [5645] >f+++++++++ backup/incoming_backup/upload_original_data_from_falk/HAI/HEG_done/HG35/HG35_20100527_003000_20101103_000000.csv
2014/05/16 15:11:11 [5645] >f+++++++++ backup/incoming_backup/upload_original_data_from_falk/HAI/HEG_done/HG35/HG35_20101104_003000_20110622_000000.csv
2014/05/16 15:11:11 [5645] >f+++++++++ backup/incoming_backup/upload_original_data_from_falk/HAI/HEG_done/HG35/HG35_20110622_003000_20111201_000000.csv
2014/05/16 15:11:11 [5645] >f+++++++++ backup/incoming_backup/upload_original_data_from_falk/HAI/HEG_done/HG36/HG36_20080613_123000_20081113_120000.csv
2014/05/16 15:11:11 [5645] >f+++++++++ backup/incoming_backup/upload_original_data_from_falk/HAI/HEG_done/HG36/HG36_20081113_123000_20091006_113000.csv
2014/05/16 15:11:11 [5645] >f+++++++++ backup/incoming_backup/upload_original_data_from_falk/HAI/HEG_done/HG36/HG36_20091006_120000_20100518_133000.csv
2014/05/16 15:11:11 [5645] >f+++++++++ backup/incoming_backup/upload_original_data_from_falk/HAI/HEG_done/HG36/HG36_20100518_140000_20110208_120000.csv
2014/05/16 15:11:11 [5645] >f+++++++++ backup/incoming_backup/upload_original_data_from_falk/HAI/HEG_done/HG36/HG36_20110208_123000_20110616_100000.csv
2014/05/16 15:11:11 [5645] >f+++++++++ backup/incoming_backup/upload_original_data_from_falk/HAI/HEG_done/HG36/HG36_20110616_103000_20111025_100000.csv
2014/05/16 15:11:11 [5645] >f+++++++++ backup/incoming_backup/upload_original_data_from_falk/HAI/HEG_done/HG37/HG37_20080616_130000_20081113_120000.csv
2014/05/16 15:11:11 [5645] >f+++++++++ backup/incoming_backup/upload_original_data_from_falk/HAI/HEG_done/HG37/HG37_20081113_123000_20091006_113000.csv
2014/05/16 15:11:11 [5645] >f+++++++++ backup/incoming_backup/upload_original_data_from_falk/HAI/HEG_done/HG37/HG37_20091006_120000_20100518_140000.csv
2014/05/16 15:11:11 [5645] >f+++++++++ backup/incoming_backup/upload_original_data_from_falk/HAI/HEG_done/HG37/HG37_20100518_143000_20110208_120000.csv
2014/05/16 15:11:11 [5645] >f+++++++++ backup/incoming_backup/upload_original_data_from_falk/HAI/HEG_done/HG37/HG37_20110208_123000_20110616_100000.csv
2014/05/16 15:11:11 [5645] >f+++++++++ backup/incoming_backup/upload_original_data_from_falk/HAI/HEG_done/HG37/HG37_20110616_103000_20111025_100000.csv
2014/05/16 15:11:11 [5645] >f+++++++++ backup/incoming_backup/upload_original_data_from_falk/HAI/HEG_done/HG38/HG38_20080725_120000_20081112_120000.csv
2014/05/16 15:11:11 [5645] >f+++++++++ backup/incoming_backup/upload_original_data_from_falk/HAI/HEG_done/HG38/HG38_20081112_123000_20091026_120000.csv
2014/05/16 15:11:11 [5645] >f+++++++++ backup/incoming_backup/upload_original_data_from_falk/HAI/HEG_done/HG38/HG38_20091026_123000_20100602_090000.csv
2014/05/16 15:11:11 [5645] >f+++++++++ backup/incoming_backup/upload_original_data_from_falk/HAI/HEG_done/HG38/HG38_20100602_093000_20101109_100000.csv
2014/05/16 15:11:11 [5645] >f+++++++++ backup/incoming_backup/upload_original_data_from_falk/HAI/HEG_done/HG38/HG38_20101109_103000_20110705_090000.csv
2014/05/16 15:11:11 [5645] >f+++++++++ backup/incoming_backup/upload_original_data_from_falk/HAI/HEG_done/HG38/HG38_20110705_093000_20111111_110000.csv
2014/05/16 15:11:11 [5645] >f+++++++++ backup/incoming_backup/upload_original_data_from_falk/HAI/HEG_done/HG39/HG39_20081127_113000_20090326_100000.csv
2014/05/16 15:11:11 [5645] >f+++++++++ backup/incoming_backup/upload_original_data_from_falk/HAI/HEG_done/HG39/HG39_20090326_103000_20091026_120000.csv
2014/05/16 15:11:11 [5645] >f+++++++++ backup/incoming_backup/upload_original_data_from_falk/HAI/HEG_done/HG39/HG39_20091026_123000_20100602_080000.csv
2014/05/16 15:11:11 [5645] >f+++++++++ backup/incoming_backup/upload_original_data_from_falk/HAI/HEG_done/HG39/HG39_20100602_083000_20101109_090000.csv
2014/05/16 15:11:11 [5645] >f+++++++++ backup/incoming_backup/upload_original_data_from_falk/HAI/HEG_done/HG39/HG39_20101109_093000_20110705_080000.csv
2014/05/16 15:11:11 [5645] >f+++++++++ backup/incoming_backup/upload_original_data_from_falk/HAI/HEG_done/HG39/HG39_20110705_083000_20111111_100000.csv
2014/05/16 15:11:11 [5645] >f+++++++++ backup/incoming_backup/upload_original_data_from_falk/HAI/HEG_done/HG40/HG40_20080626_123000_20081027_000000.csv
2014/05/16 15:11:11 [5645] >f+++++++++ backup/incoming_backup/upload_original_data_from_falk/HAI/HEG_done/HG40/HG40_20081027_003000_20091026_120000.csv
2014/05/16 15:11:11 [5645] >f+++++++++ backup/incoming_backup/upload_original_data_from_falk/HAI/HEG_done/HG40/HG40_20091026_123000_20100602_110000.csv
2014/05/16 15:11:11 [5645] >f+++++++++ backup/incoming_backup/upload_original_data_from_falk/HAI/HEG_done/HG40/HG40_20100602_123000_20101109_130000.csv
2014/05/16 15:11:11 [5645] >f+++++++++ backup/incoming_backup/upload_original_data_from_falk/HAI/HEG_done/HG40/HG40_20101109_133000_20110705_120000.csv
2014/05/16 15:11:11 [5645] >f+++++++++ backup/incoming_backup/upload_original_data_from_falk/HAI/HEG_done/HG40/HG40_20110705_123000_20111111_140000.csv
2014/05/16 15:11:11 [5645] >f+++++++++ backup/incoming_backup/upload_original_data_from_falk/HAI/HEG_done/HG41/HG41_20080714_133000_20081106_000000.csv
2014/05/16 15:11:11 [5645] >f+++++++++ backup/incoming_backup/upload_original_data_from_falk/HAI/HEG_done/HG41/HG41_20081106_003000_20091027_000000.csv
2014/05/16 15:11:11 [5645] >f+++++++++ backup/incoming_backup/upload_original_data_from_falk/HAI/HEG_done/HG41/HG41_20091027_003000_20100527_110000.csv
2014/05/16 15:11:11 [5645] >f+++++++++ backup/incoming_backup/upload_original_data_from_falk/HAI/HEG_done/HG41/HG41_20100527_113000_20101103_110000.csv
2014/05/16 15:11:11 [5645] >f+++++++++ backup/incoming_backup/upload_original_data_from_falk/HAI/HEG_done/HG41/HG41_20101103_113000_20110716_110000.csv
2014/05/16 15:11:11 [5645] >f+++++++++ backup/incoming_backup/upload_original_data_from_falk/HAI/HEG_done/HG41/HG41_20110728_113000_20111124_120000.csv
2014/05/16 15:11:11 [5645] >f+++++++++ backup/incoming_backup/upload_original_data_from_falk/HAI/HEG_done/HG42/HG42_20080619_103000_20081113_000000.csv
2014/05/16 15:11:11 [5645] >f+++++++++ backup/incoming_backup/upload_original_data_from_falk/HAI/HEG_done/HG42/HG42_20081113_003000_20091006_090000.csv
2014/05/16 15:11:11 [5645] >f+++++++++ backup/incoming_backup/upload_original_data_from_falk/HAI/HEG_done/HG42/HG42_20091006_093000_20100623_110000.csv
2014/05/16 15:11:11 [5645] >f+++++++++ backup/incoming_backup/upload_original_data_from_falk/HAI/HEG_done/HG42/HG42_20100623_113000_20101117_150000.csv
2014/05/16 15:11:11 [5645] >f+++++++++ backup/incoming_backup/upload_original_data_from_falk/HAI/HEG_done/HG42/HG42_20101117_153000_20110630_100000.csv
2014/05/16 15:11:11 [5645] >f+++++++++ backup/incoming_backup/upload_original_data_from_falk/HAI/HEG_done/HG42/HG42_20110630_103000_20111109_110000.csv
2014/05/16 15:11:11 [5645] >f+++++++++ backup/incoming_backup/upload_original_data_from_falk/HAI/HEG_done/HG43/HG43_20080724_100000_20081106_120000.csv
2014/05/16 15:11:11 [5645] >f+++++++++ backup/incoming_backup/upload_original_data_from_falk/HAI/HEG_done/HG43/HG43_20081106_123000_20091028_010000.csv
2014/05/16 15:11:11 [5645] >f+++++++++ backup/incoming_backup/upload_original_data_from_falk/HAI/HEG_done/HG43/HG43_20091028_013000_20100527_140000.csv
2014/05/16 15:11:11 [5645] >f+++++++++ backup/incoming_backup/upload_original_data_from_falk/HAI/HEG_done/HG43/HG43_20100527_143000_20101103_130000.csv
2014/05/16 15:11:11 [5645] >f+++++++++ backup/incoming_backup/upload_original_data_from_falk/HAI/HEG_done/HG43/HG43_20101103_133000_20110804_120000.csv
2014/05/16 15:11:11 [5645] >f+++++++++ backup/incoming_backup/upload_original_data_from_falk/HAI/HEG_done/HG43/HG43_20110804_133000_20111201_110000.csv
2014/05/16 15:11:11 [5645] >f+++++++++ backup/incoming_backup/upload_original_data_from_falk/HAI/HEG_done/HG44/HG44_20080618_143000_20081113_000000.csv
2014/05/16 15:11:11 [5645] >f+++++++++ backup/incoming_backup/upload_original_data_from_falk/HAI/HEG_done/HG44/HG44_20081113_003000_20091006_100000.csv
2014/05/16 15:11:11 [5645] >f+++++++++ backup/incoming_backup/upload_original_data_from_falk/HAI/HEG_done/HG44/HG44_20091006_103000_20100518_110000.csv
2014/05/16 15:11:11 [5645] >f+++++++++ backup/incoming_backup/upload_original_data_from_falk/HAI/HEG_done/HG44/HG44_20100518_113000_20110208_100000.csv
2014/05/16 15:11:11 [5645] >f+++++++++ backup/incoming_backup/upload_original_data_from_falk/HAI/HEG_done/HG44/HG44_20110208_103000_20110616_090000.csv
2014/05/16 15:11:11 [5645] >f+++++++++ backup/incoming_backup/upload_original_data_from_falk/HAI/HEG_done/HG44/HG44_20110616_093000_20111205_090000.csv
2014/05/16 15:11:11 [5645] >f+++++++++ backup/incoming_backup/upload_original_data_from_falk/HAI/HEG_done/HG45/HG45_20080617_123000_20081113_120000.csv
2014/05/16 15:11:11 [5645] >f+++++++++ backup/incoming_backup/upload_original_data_from_falk/HAI/HEG_done/HG45/HG45_20081113_123000_20091118_100000.csv
2014/05/16 15:11:11 [5645] >f+++++++++ backup/incoming_backup/upload_original_data_from_falk/HAI/HEG_done/HG45/HG45_20091118_103000_20100518_140000.csv
2014/05/16 15:11:12 [5645] >f+++++++++ backup/incoming_backup/upload_original_data_from_falk/HAI/HEG_done/HG45/HG45_20100518_143000_20110208_120000.csv
2014/05/16 15:11:12 [5645] >f+++++++++ backup/incoming_backup/upload_original_data_from_falk/HAI/HEG_done/HG45/HG45_20110208_123000_20110616_100000.csv
2014/05/16 15:11:12 [5645] >f+++++++++ backup/incoming_backup/upload_original_data_from_falk/HAI/HEG_done/HG45/HG45_20110616_103000_20111205_100000.csv
2014/05/16 15:11:12 [5645] >f+++++++++ backup/incoming_backup/upload_original_data_from_falk/HAI/HEG_done/HG46/HG46_20080707_150000_20081103_000000.csv
2014/05/16 15:11:12 [5645] >f+++++++++ backup/incoming_backup/upload_original_data_from_falk/HAI/HEG_done/HG46/HG46_20081103_003000_20091013_100000.csv
2014/05/16 15:11:12 [5645] >f+++++++++ backup/incoming_backup/upload_original_data_from_falk/HAI/HEG_done/HG46/HG46_20091013_103000_20100621_130000.csv
2014/05/16 15:11:12 [5645] >f+++++++++ backup/incoming_backup/upload_original_data_from_falk/HAI/HEG_done/HG46/HG46_20100621_133000_20110121_150000.csv
2014/05/16 15:11:12 [5645] >f+++++++++ backup/incoming_backup/upload_original_data_from_falk/HAI/HEG_done/HG46/HG46_20110121_153000_20110908_090000.csv
2014/05/16 15:11:12 [5645] >f+++++++++ backup/incoming_backup/upload_original_data_from_falk/HAI/HEG_done/HG46/HG46_20110908_093000_20111124_100000.csv
2014/05/16 15:11:12 [5645] >f+++++++++ backup/incoming_backup/upload_original_data_from_falk/HAI/HEG_done/HG47/HG47_20080627_130000_20081028_000000.csv
2014/05/16 15:11:12 [5645] >f+++++++++ backup/incoming_backup/upload_original_data_from_falk/HAI/HEG_done/HG47/HG47_20081028_003000_20091028_110000.csv
2014/05/16 15:11:12 [5645] >f+++++++++ backup/incoming_backup/upload_original_data_from_falk/HAI/HEG_done/HG47/HG47_20091028_113000_20100608_110000.csv
2014/05/16 15:11:12 [5645] >f+++++++++ backup/incoming_backup/upload_original_data_from_falk/HAI/HEG_done/HG47/HG47_20100608_113000_20101216_110000.csv
2014/05/16 15:11:12 [5645] >f+++++++++ backup/incoming_backup/upload_original_data_from_falk/HAI/HEG_done/HG47/HG47_20101216_113000_20110923_090000.csv
2014/05/16 15:11:12 [5645] >f+++++++++ backup/incoming_backup/upload_original_data_from_falk/HAI/HEG_done/HG47/HG47_20110923_093000_20111103_110000.csv
2014/05/16 15:11:12 [5645] >f+++++++++ backup/incoming_backup/upload_original_data_from_falk/HAI/HEG_done/HG48/HG48_20080809_173000_20091028_120000.csv
2014/05/16 15:11:12 [5645] >f+++++++++ backup/incoming_backup/upload_original_data_from_falk/HAI/HEG_done/HG48/HG48_20091028_123000_20100608_110000.csv
2014/05/16 15:11:12 [5645] >f+++++++++ backup/incoming_backup/upload_original_data_from_falk/HAI/HEG_done/HG48/HG48_20100608_113000_20100906_110000.csv
2014/05/16 15:11:12 [5645] >f+++++++++ backup/incoming_backup/upload_original_data_from_falk/HAI/HEG_done/HG49/HG49_20080702_120000_20081204_000000.csv
2014/05/16 15:11:12 [5645] >f+++++++++ backup/incoming_backup/upload_original_data_from_falk/HAI/HEG_done/HG49/HG49_20081204_003000_20091028_110000.csv
2014/05/16 15:11:12 [5645] >f+++++++++ backup/incoming_backup/upload_original_data_from_falk/HAI/HEG_done/HG49/HG49_20091028_113000_20100608_120000.csv
2014/05/16 15:11:12 [5645] >f+++++++++ backup/incoming_backup/upload_original_data_from_falk/HAI/HEG_done/HG49/HG49_20100608_123000_20101216_120000.csv
2014/05/16 15:11:12 [5645] >f+++++++++ backup/incoming_backup/upload_original_data_from_falk/HAI/HEG_done/HG49/HG49_20101216_123000_20110923_100000.csv
2014/05/16 15:11:12 [5645] >f+++++++++ backup/incoming_backup/upload_original_data_from_falk/HAI/HEG_done/HG49/HG49_20110923_103000_20111103_110000.csv
2014/05/16 15:11:12 [5645] >f+++++++++ backup/incoming_backup/upload_original_data_from_falk/HAI/HEG_done/HG50/HG50_20080702_140000_20090324_000000.csv
2014/05/16 15:11:12 [5645] >f+++++++++ backup/incoming_backup/upload_original_data_from_falk/HAI/HEG_done/HG50/HG50_20090324_003000_20091028_120000.csv
2014/05/16 15:11:12 [5645] >f+++++++++ backup/incoming_backup/upload_original_data_from_falk/HAI/HEG_done/HG50/HG50_20091028_123000_20100608_130000.csv
2014/05/16 15:11:12 [5645] >f+++++++++ backup/incoming_backup/upload_original_data_from_falk/HAI/HEG_done/HG50/HG50_20100608_133000_20101216_130000.csv
2014/05/16 15:11:12 [5645] >f+++++++++ backup/incoming_backup/upload_original_data_from_falk/HAI/HEG_done/HG50/HG50_20101216_133000_20110628_110000.csv
2014/05/16 15:11:12 [5645] >f+++++++++ backup/incoming_backup/upload_original_data_from_falk/HAI/HEG_done/HG50/HG50_20110628_113000_20111103_120000.csv
2014/05/16 15:11:12 [5645] cd..t...... backup/incoming_backup/upload_original_data_from_falk/HAI/HEW_done/
2014/05/16 15:11:12 [5645] >f+++++++++ backup/incoming_backup/upload_original_data_from_falk/HAI/HEW_done/HW01/HW01_20080507_110000_20090323_120000.csv
2014/05/16 15:11:12 [5645] >f+++++++++ backup/incoming_backup/upload_original_data_from_falk/HAI/HEW_done/HW01/HW01_20080507_120000_20081110_120000.csv
2014/05/16 15:11:12 [5645] >f+++++++++ backup/incoming_backup/upload_original_data_from_falk/HAI/HEW_done/HW01/HW01_20081110_123000_20091020_120000.csv
2014/05/16 15:11:12 [5645] >f+++++++++ backup/incoming_backup/upload_original_data_from_falk/HAI/HEW_done/HW01/HW01_20091020_123000_20100630_150000.csv
2014/05/16 15:11:12 [5645] >f+++++++++ backup/incoming_backup/upload_original_data_from_falk/HAI/HEW_done/HW01/HW01_20100630_153000_20111201_110000.csv
2014/05/16 15:11:12 [5645] >f+++++++++ backup/incoming_backup/upload_original_data_from_falk/HAI/HEW_done/HW02/HW02_20080507_133000_20081110_120000.csv
2014/05/16 15:11:12 [5645] >f+++++++++ backup/incoming_backup/upload_original_data_from_falk/HAI/HEW_done/HW02/HW02_20081110_123000_20091019_110000.csv
2014/05/16 15:11:12 [5645] >f+++++++++ backup/incoming_backup/upload_original_data_from_falk/HAI/HEW_done/HW02/HW02_20091019_113000_20100630_130000.csv
2014/05/16 15:11:12 [5645] >f+++++++++ backup/incoming_backup/upload_original_data_from_falk/HAI/HEW_done/HW02/HW02_20100630_133000_20111201_120000.csv
2014/05/16 15:11:12 [5645] >f+++++++++ backup/incoming_backup/upload_original_data_from_falk/HAI/HEW_done/HW03/HW03_20080605_130000_20081023_000000.csv
2014/05/16 15:11:12 [5645] >f+++++++++ backup/incoming_backup/upload_original_data_from_falk/HAI/HEW_done/HW03/HW03_20081023_003000_20111108_120000.csv
2014/05/16 15:11:12 [5645] >f+++++++++ backup/incoming_backup/upload_original_data_from_falk/HAI/HEW_done/HW04/HW04_20080527_040000_20081010_000000.csv
2014/05/16 15:11:12 [5645] >f+++++++++ backup/incoming_backup/upload_original_data_from_falk/HAI/HEW_done/HW04/HW04_20081010_003000_20111115_100000.csv
2014/05/16 15:11:12 [5645] >f+++++++++ backup/incoming_backup/upload_original_data_from_falk/HAI/HEW_done/HW05/HW05_20080513_173000_20081022_000000.csv
2014/05/16 15:11:12 [5645] >f+++++++++ backup/incoming_backup/upload_original_data_from_falk/HAI/HEW_done/HW05/HW05_20081022_003000_20111102_130000.csv
2014/05/16 15:11:12 [5645] >f+++++++++ backup/incoming_backup/upload_original_data_from_falk/HAI/HEW_done/HW06/HW06_20080513_050000_20081022_000000.csv
2014/05/16 15:11:12 [5645] >f+++++++++ backup/incoming_backup/upload_original_data_from_falk/HAI/HEW_done/HW06/HW06_20081022_003000_20091019_110000.csv
2014/05/16 15:11:12 [5645] >f+++++++++ backup/incoming_backup/upload_original_data_from_falk/HAI/HEW_done/HW06/HW06_20091019_113000_20100312_110000.csv
2014/05/16 15:11:12 [5645] >f+++++++++ backup/incoming_backup/upload_original_data_from_falk/HAI/HEW_done/HW06/HW06_20100312_113000_20100525_110000.csv
2014/05/16 15:11:12 [5645] >f+++++++++ backup/incoming_backup/upload_original_data_from_falk/HAI/HEW_done/HW06/HW06_20100525_113000_20111031_230000.csv
2014/05/16 15:11:12 [5645] >f+++++++++ backup/incoming_backup/upload_original_data_from_falk/HAI/HEW_done/HW07/HW07_20080509_003000_20081111_000000.csv
2014/05/16 15:11:12 [5645] >f+++++++++ backup/incoming_backup/upload_original_data_from_falk/HAI/HEW_done/HW07/HW07_20081111_003000_20091020_110000.csv
2014/05/16 15:11:12 [5645] >f+++++++++ backup/incoming_backup/upload_original_data_from_falk/HAI/HEW_done/HW07/HW07_20091020_113000_20100315_130000.csv
2014/05/16 15:11:12 [5645] >f+++++++++ backup/incoming_backup/upload_original_data_from_falk/HAI/HEW_done/HW07/HW07_20100315_133000_20100601_110000.csv
2014/05/16 15:11:12 [5645] >f+++++++++ backup/incoming_backup/upload_original_data_from_falk/HAI/HEW_done/HW07/HW07_20100601_113000_20101118_120000.csv
2014/05/16 15:11:12 [5645] >f+++++++++ backup/incoming_backup/upload_original_data_from_falk/HAI/HEW_done/HW07/HW07_20101118_123000_20110609_110000.csv
2014/05/16 15:11:12 [5645] >f+++++++++ backup/incoming_backup/upload_original_data_from_falk/HAI/HEW_done/HW07/HW07_20110609_113000_20111116_110000.csv
2014/05/16 15:11:12 [5645] >f+++++++++ backup/incoming_backup/upload_original_data_from_falk/HAI/HEW_done/HW08/HW08_20080527_043000_20081010_000000.csv
2014/05/16 15:11:12 [5645] >f+++++++++ backup/incoming_backup/upload_original_data_from_falk/HAI/HEW_done/HW08/HW08_20081010_003000_20091029_110000.csv
2014/05/16 15:11:12 [5645] >f+++++++++ backup/incoming_backup/upload_original_data_from_falk/HAI/HEW_done/HW08/HW08_20091029_113000_20100616_100000.csv
2014/05/16 15:11:12 [5645] >f+++++++++ backup/incoming_backup/upload_original_data_from_falk/HAI/HEW_done/HW08/HW08_20100616_103000_20101112_130000.csv
2014/05/16 15:11:12 [5645] >f+++++++++ backup/incoming_backup/upload_original_data_from_falk/HAI/HEW_done/HW08/HW08_20101112_133000_20110719_110000.csv
2014/05/16 15:11:12 [5645] >f+++++++++ backup/incoming_backup/upload_original_data_from_falk/HAI/HEW_done/HW08/HW08_20110719_113000_20111115_110000.csv
2014/05/16 15:11:12 [5645] >f+++++++++ backup/incoming_backup/upload_original_data_from_falk/HAI/HEW_done/HW09/HW09_20080509_133000_20081111_000000.csv
2014/05/16 15:11:12 [5645] >f+++++++++ backup/incoming_backup/upload_original_data_from_falk/HAI/HEW_done/HW09/HW09_20081111_003000_20091020_100000.csv
2014/05/16 15:11:12 [5645] >f+++++++++ backup/incoming_backup/upload_original_data_from_falk/HAI/HEW_done/HW09/HW09_20091020_113000_20100601_120000.csv
2014/05/16 15:11:12 [5645] >f+++++++++ backup/incoming_backup/upload_original_data_from_falk/HAI/HEW_done/HW09/HW09_20100601_123000_20101118_120000.csv
2014/05/16 15:11:12 [5645] >f+++++++++ backup/incoming_backup/upload_original_data_from_falk/HAI/HEW_done/HW09/HW09_20101118_123000_20110609_100000.csv
2014/05/16 15:11:12 [5645] >f+++++++++ backup/incoming_backup/upload_original_data_from_falk/HAI/HEW_done/HW09/HW09_20110609_103000_20111116_110000.csv
2014/05/16 15:11:12 [5645] >f+++++++++ backup/incoming_backup/upload_original_data_from_falk/HAI/HEW_done/HW10/HW10_20080609_113000_20081029_120000.csv
2014/05/16 15:11:12 [5645] >f+++++++++ backup/incoming_backup/upload_original_data_from_falk/HAI/HEW_done/HW10/HW10_20081029_123000_20091120_090000_.csv
2014/05/16 15:11:12 [5645] >f+++++++++ backup/incoming_backup/upload_original_data_from_falk/HAI/HEW_done/HW10/HW10_20091120_093000_20100624_120000.csv
2014/05/16 15:11:12 [5645] >f+++++++++ backup/incoming_backup/upload_original_data_from_falk/HAI/HEW_done/HW10/HW10_20100624_123000_20111120_020000.csv
2014/05/16 15:11:12 [5645] >f+++++++++ backup/incoming_backup/upload_original_data_from_falk/HAI/HEW_done/HW11/HW11_20080522_123000_20081030_000000.csv
2014/05/16 15:11:12 [5645] >f+++++++++ backup/incoming_backup/upload_original_data_from_falk/HAI/HEW_done/HW11/HW11_20081030_123000_20111115_140000.csv
2014/05/16 15:11:12 [5645] >f+++++++++ backup/incoming_backup/upload_original_data_from_falk/HAI/HEW_done/HW12/HW12_20080526_103000_20081030_000000.csv
2014/05/16 15:11:12 [5645] >f+++++++++ backup/incoming_backup/upload_original_data_from_falk/HAI/HEW_done/HW12/HW12_20081030_003000_20091120_110000.csv
2014/05/16 15:11:12 [5645] >f+++++++++ backup/incoming_backup/upload_original_data_from_falk/HAI/HEW_done/HW12/HW12_20091120_113000_20100302_100000.csv
2014/05/16 15:11:12 [5645] >f+++++++++ backup/incoming_backup/upload_original_data_from_falk/HAI/HEW_done/HW12/HW12_20100302_103000_20100624_100000.csv
2014/05/16 15:11:12 [5645] >f+++++++++ backup/incoming_backup/upload_original_data_from_falk/HAI/HEW_done/HW12/HW12_20100624_103000_20111123_120000.csv
2014/05/16 15:11:12 [5645] >f+++++++++ backup/incoming_backup/upload_original_data_from_falk/HAI/HEW_done/HW13/HW13_20080519_170000_20081023_000000.csv
2014/05/16 15:11:12 [5645] >f+++++++++ backup/incoming_backup/upload_original_data_from_falk/HAI/HEW_done/HW13/HW13_20081023_003000_20091029_150000.csv
2014/05/16 15:11:12 [5645] >f+++++++++ backup/incoming_backup/upload_original_data_from_falk/HAI/HEW_done/HW13/HW13_20091029_153000_20100608_100000.csv
2014/05/16 15:11:12 [5645] >f+++++++++ backup/incoming_backup/upload_original_data_from_falk/HAI/HEW_done/HW13/HW13_20100608_103000_20101103_120000.csv
2014/05/16 15:11:12 [5645] >f+++++++++ backup/incoming_backup/upload_original_data_from_falk/HAI/HEW_done/HW13/HW13_20101103_123000_20110629_110000.csv
2014/05/16 15:11:12 [5645] >f+++++++++ backup/incoming_backup/upload_original_data_from_falk/HAI/HEW_done/HW13/HW13_20110629_113000_20111108_120000.csv
2014/05/16 15:11:12 [5645] >f+++++++++ backup/incoming_backup/upload_original_data_from_falk/HAI/HEW_done/HW14/HW14_20080428_123000_20090326_110000.csv
2014/05/16 15:11:12 [5645] >f+++++++++ backup/incoming_backup/upload_original_data_from_falk/HAI/HEW_done/HW14/HW14_20090326_113000_20091021_130000.csv
2014/05/16 15:11:12 [5645] >f+++++++++ backup/incoming_backup/upload_original_data_from_falk/HAI/HEW_done/HW14/HW14_20091021_133000_20100312_100000.csv
2014/05/16 15:11:12 [5645] >f+++++++++ backup/incoming_backup/upload_original_data_from_falk/HAI/HEW_done/HW14/HW14_20100312_103000_20100525_130000.csv
2014/05/16 15:11:12 [5645] >f+++++++++ backup/incoming_backup/upload_original_data_from_falk/HAI/HEW_done/HW14/HW14_20100525_133000_20101207_140000.csv
2014/05/16 15:11:12 [5645] >f+++++++++ backup/incoming_backup/upload_original_data_from_falk/HAI/HEW_done/HW14/HW14_20101207_143000_20110623_090000.csv
2014/05/16 15:11:12 [5645] >f+++++++++ backup/incoming_backup/upload_original_data_from_falk/HAI/HEW_done/HW14/HW14_20110623_093000_20111102_110000.csv
2014/05/16 15:11:12 [5645] >f+++++++++ backup/incoming_backup/upload_original_data_from_falk/HAI/HEW_done/HW15/HW15_20080507_063000_20081110_120000.csv
2014/05/16 15:11:12 [5645] >f+++++++++ backup/incoming_backup/upload_original_data_from_falk/HAI/HEW_done/HW15/HW15_20081110_123000_20091020_130000.csv
2014/05/16 15:11:12 [5645] >f+++++++++ backup/incoming_backup/upload_original_data_from_falk/HAI/HEW_done/HW15/HW15_20091020_133000_20100309_150000.csv
2014/05/16 15:11:12 [5645] >f+++++++++ backup/incoming_backup/upload_original_data_from_falk/HAI/HEW_done/HW15/HW15_20100309_153000_20100630_130000.csv
2014/05/16 15:11:12 [5645] >f+++++++++ backup/incoming_backup/upload_original_data_from_falk/HAI/HEW_done/HW15/HW15_20100630_133000_20101130_130000.csv
2014/05/16 15:11:12 [5645] >f+++++++++ backup/incoming_backup/upload_original_data_from_falk/HAI/HEW_done/HW15/HW15_20101130_133000_20110622_130000.csv
2014/05/16 15:11:12 [5645] >f+++++++++ backup/incoming_backup/upload_original_data_from_falk/HAI/HEW_done/HW15/HW15_20110622_133000_20111026_110000.csv
2014/05/16 15:11:12 [5645] >f+++++++++ backup/incoming_backup/upload_original_data_from_falk/HAI/HEW_done/HW16/HW16_20080507_103000_20081110_000000.csv
2014/05/16 15:11:12 [5645] >f+++++++++ backup/incoming_backup/upload_original_data_from_falk/HAI/HEW_done/HW16/HW16_20081110_003000_20091020_120000.csv
2014/05/16 15:11:13 [5645] >f+++++++++ backup/incoming_backup/upload_original_data_from_falk/HAI/HEW_done/HW16/HW16_20091020_123000_20100630_140000.csv
2014/05/16 15:11:13 [5645] >f+++++++++ backup/incoming_backup/upload_original_data_from_falk/HAI/HEW_done/HW16/HW16_20100630_143000_20101130_110000.csv
2014/05/16 15:11:13 [5645] >f+++++++++ backup/incoming_backup/upload_original_data_from_falk/HAI/HEW_done/HW16/HW16_20101130_113000_20110622_140000.csv
2014/05/16 15:11:13 [5645] >f+++++++++ backup/incoming_backup/upload_original_data_from_falk/HAI/HEW_done/HW16/HW16_20110622_143000_20111201_110000.csv
2014/05/16 15:11:13 [5645] >f+++++++++ backup/incoming_backup/upload_original_data_from_falk/HAI/HEW_done/HW17/HW17_20080530_070000_20081022_000000.csv
2014/05/16 15:11:13 [5645] >f+++++++++ backup/incoming_backup/upload_original_data_from_falk/HAI/HEW_done/HW17/HW17_2002014/05/16 15:55:22 [6529] building file list
2014/05/16 15:55:22 [6529] rsync: change_dir "/mnt/sd19006/ei_data_exploratories" failed: No such file or directory (2)
2014/05/16 15:55:22 [6529] rsync error: some files/attrs were not transferred (see previous errors) (code 23) at main.c(1183) [sender=3.1.0]
